<?xml version="1.0" encoding="UTF-8"?>
<testsuite xmlns:xsi="http://www.w3.org/2001/XMLSchema-instance" xsi:noNamespaceSchemaLocation="https://maven.apache.org/surefire/maven-failsafe-plugin/xsd/failsafe-test-report-3.0.xsd" version="3.0" name="mentor" time="137.112" tests="42" errors="0" skipped="0" failures="11">
  <properties>
[...]
</properties>
  <testcase name="Get all task" classname="mentor" time="4.937">
    <failure message="1 expectation failed.&#10;Expected status code &lt;200&gt; but was &lt;201&gt;.&#10;" type="java.lang.AssertionError"><![CDATA[java.lang.AssertionError: 
1 expectation failed.
Expected status code <200> but was <201>.

]]></failure>
    <system-out><![CDATA[20:09:50.496 [pool-2-thread-1] INFO  i.c.core.plugin.SerenityReporter - Running feature from classpath:features/Mentutor/mentor.feature

20:09:50.658 [pool-2-thread-1] INFO   - 

-------------------------------------------------------------------------------------
     _______. _______ .______       _______ .__   __.  __  .___________.____    ____ 
    /       ||   ____||   _  \     |   ____||  \ |  | |  | |           |\   \  /   / 
   |   (----`|  |__   |  |_)  |    |  |__   |   \|  | |  | `---|  |----` \   \/   /  
    \   \    |   __|  |      /     |   __|  |  . `  | |  |     |  |       \_    _/   
.----)   |   |  |____ |  |\  \----.|  |____ |  |\   | |  |     |  |         |  |     
|_______/    |_______|| _| `._____||_______||__| \__| |__|     |__|         |__|    
                                                                                     
 News and tutorials at http://www.serenity-bdd.info                                  
 Documentation at https://wakaleo.gitbooks.io/the-serenity-book/content/             
 Join the Serenity Community on Gitter: https://gitter.im/serenity-bdd/serenity-core 
 Serenity BDD Support and Training at http://serenity-bdd.info/#/trainingandsupport  
-------------------------------------------------------------------------------------


20:09:50.663 [pool-2-thread-1] INFO   - Test Suite Started: Mentor

20:09:55.622 [pool-2-thread-1] ERROR  - 
  _____   ___   ___   _____     ___     _     ___   _      ___   ___  
 |_   _| | __| / __| |_   _|   | __|   /_\   |_ _| | |    | __| |   \ 
   | |   | _|  \__ \   | |     | _|   / _ \   | |  | |__  | _|  | |) |
   |_|   |___| |___/   |_|     |_|   /_/ \_\ |___| |____| |___| |___/ 

Get all task
-----------------------------------------------------------------------

20:09:55.672 [pool-2-thread-1] ERROR  -     Test failed at step: Then response code mentor should be 200

20:09:55.672 [pool-2-thread-1] ERROR  -     1 expectation failed.Expected status code <200> but was <201>.

20:10:00.172 [pool-2-thread-1] ERROR  - 
  _____   ___   ___   _____     ___     _     ___   _      ___   ___  
 |_   _| | __| / __| |_   _|   | __|   /_\   |_ _| | |    | __| |   \ 
   | |   | _|  \__ \   | |     | _|   / _ \   | |  | |__  | _|  | |) |
   |_|   |___| |___/   |_|     |_|   /_/ \_\ |___| |____| |___| |___/ 

Get all task with valid query param
-----------------------------------------------------------------------

20:10:00.172 [pool-2-thread-1] ERROR  -     Test failed at step: Then response code mentor should be 200

20:10:00.172 [pool-2-thread-1] ERROR  -     1 expectation failed.Expected status code <200> but was <201>.

20:10:02.492 [pool-2-thread-1] ERROR  - 
  _____   ___   ___   _____     ___     _     ___   _      ___   ___  
 |_   _| | __| / __| |_   _|   | __|   /_\   |_ _| | |    | __| |   \ 
   | |   | _|  \__ \   | |     | _|   / _ \   | |  | |__  | _|  | |) |
   |_|   |___| |___/   |_|     |_|   /_/ \_\ |___| |____| |___| |___/ 

Get all task with invalid query param
-----------------------------------------------------------------------

20:10:02.493 [pool-2-thread-1] ERROR  -     Test failed at step: Then response code mentor should be 400

20:10:02.493 [pool-2-thread-1] ERROR  -     1 expectation failed.Expected status code <400> but was <201>.

20:10:05.261 [pool-2-thread-1] ERROR  - 
  _____   ___   ___   _____     ___     _     ___   _      ___   ___  
 |_   _| | __| / __| |_   _|   | __|   /_\   |_ _| | |    | __| |   \ 
   | |   | _|  \__ \   | |     | _|   / _ \   | |  | |__  | _|  | |) |
   |_|   |___| |___/   |_|     |_|   /_/ \_\ |___| |____| |___| |___/ 

Get task detail with valid id
-----------------------------------------------------------------------

20:10:05.261 [pool-2-thread-1] ERROR  -     Test failed at step: Then response code mentor should be 200

20:10:05.261 [pool-2-thread-1] ERROR  -     1 expectation failed.Expected status code <200> but was <201>.

20:10:20.440 [pool-2-thread-1] ERROR  - 
  _____   ___   ___   _____     ___     _     ___   _      ___   ___  
 |_   _| | __| / __| |_   _|   | __|   /_\   |_ _| | |    | __| |   \ 
   | |   | _|  \__ \   | |     | _|   / _ \   | |  | |__  | _|  | |) |
   |_|   |___| |___/   |_|     |_|   /_/ \_\ |___| |____| |___| |___/ 

Put update profile mentor without using space on field name
-----------------------------------------------------------------------

20:10:20.441 [pool-2-thread-1] ERROR  -     Test failed at step: Then response code mentor should be 201

20:10:20.441 [pool-2-thread-1] ERROR  -     1 expectation failed.Expected status code <201> but was <400>.

20:10:23.391 [pool-2-thread-1] ERROR  - 
  _____   ___   ___   _____     ___     _     ___   _      ___   ___  
 |_   _| | __| / __| |_   _|   | __|   /_\   |_ _| | |    | __| |   \ 
   | |   | _|  \__ \   | |     | _|   / _ \   | |  | |__  | _|  | |) |
   |_|   |___| |___/   |_|     |_|   /_/ \_\ |___| |____| |___| |___/ 

Put update profile mentor witohut using uppercase on field name
-----------------------------------------------------------------------

20:10:23.391 [pool-2-thread-1] ERROR  -     Test failed at step: Then response code mentor should be 201

20:10:23.391 [pool-2-thread-1] ERROR  -     1 expectation failed.Expected status code <201> but was <400>.

20:10:30.043 [pool-2-thread-1] ERROR  - 
  _____   ___   ___   _____     ___     _     ___   _      ___   ___  
 |_   _| | __| / __| |_   _|   | __|   /_\   |_ _| | |    | __| |   \ 
   | |   | _|  \__ \   | |     | _|   / _ \   | |  | |__  | _|  | |) |
   |_|   |___| |___/   |_|     |_|   /_/ \_\ |___| |____| |___| |___/ 

Put update profile mentor without input name,email,password
-----------------------------------------------------------------------

20:10:30.043 [pool-2-thread-1] ERROR  -     Test failed at step: Then response code mentor should be 400

20:10:30.043 [pool-2-thread-1] ERROR  -     1 expectation failed.Expected status code <400> but was <201>.

20:10:44.447 [pool-2-thread-1] ERROR  - 
  _____   ___   ___   _____     ___     _     ___   _      ___   ___  
 |_   _| | __| / __| |_   _|   | __|   /_\   |_ _| | |    | __| |   \ 
   | |   | _|  \__ \   | |     | _|   / _ \   | |  | |__  | _|  | |) |
   |_|   |___| |___/   |_|     |_|   /_/ \_\ |___| |____| |___| |___/ 

Put update task with valid id and invalid due date
-----------------------------------------------------------------------

20:10:44.447 [pool-2-thread-1] ERROR  -     Test failed at step: Then response code mentor should be 400

20:10:44.447 [pool-2-thread-1] ERROR  -     1 expectation failed.Expected status code <400> but was <201>.

20:10:48.600 [pool-2-thread-1] ERROR  - 
  _____   ___   ___   _____     ___     _     ___   _      ___   ___  
 |_   _| | __| / __| |_   _|   | __|   /_\   |_ _| | |    | __| |   \ 
   | |   | _|  \__ \   | |     | _|   / _ \   | |  | |__  | _|  | |) |
   |_|   |___| |___/   |_|     |_|   /_/ \_\ |___| |____| |___| |___/ 

Put update task with valid id and invalid due date
-----------------------------------------------------------------------

20:10:48.600 [pool-2-thread-1] ERROR  -     Test failed at step: Then response code mentor should be 400

20:10:48.600 [pool-2-thread-1] ERROR  -     1 expectation failed.Expected status code <400> but was <201>.

20:11:39.000 [pool-2-thread-1] ERROR  - 
  _____   ___   ___   _____     ___     _     ___   _      ___   ___  
 |_   _| | __| / __| |_   _|   | __|   /_\   |_ _| | |    | __| |   \ 
   | |   | _|  \__ \   | |     | _|   / _ \   | |  | |__  | _|  | |) |
   |_|   |___| |___/   |_|     |_|   /_/ \_\ |___| |____| |___| |___/ 

Post with valid id and using integer on comment
-----------------------------------------------------------------------

20:11:39.001 [pool-2-thread-1] ERROR  -     Test failed at step: Then response code mentor should be 201

20:11:39.001 [pool-2-thread-1] ERROR  -     1 expectation failed.Expected status code <201> but was <400>.

20:11:56.069 [pool-2-thread-1] ERROR  - 
  _____   ___   ___   _____     ___     _     ___   _      ___   ___  
 |_   _| | __| / __| |_   _|   | __|   /_\   |_ _| | |    | __| |   \ 
   | |   | _|  \__ \   | |     | _|   / _ \   | |  | |__  | _|  | |) |
   |_|   |___| |___/   |_|     |_|   /_/ \_\ |___| |____| |___| |___/ 

Delete task with valid id
-----------------------------------------------------------------------

20:11:56.069 [pool-2-thread-1] ERROR  -     Test failed at step: Then response code mentor should be 200

20:11:56.070 [pool-2-thread-1] ERROR  -     1 expectation failed.Expected status code <200> but was <201>.



&amp#27;[31mFailed scenarios:&amp#27;[0m


classpath:features/Mentutor/mentor.feature:11 # Get all task


classpath:features/Mentutor/mentor.feature:17 # Get all task with valid query param


classpath:features/Mentutor/mentor.feature:22 # Get all task with invalid query param


classpath:features/Mentutor/mentor.feature:33 # Get task detail with valid id


classpath:features/Mentutor/mentor.feature:73 # Put update profile mentor without using space on field name


classpath:features/Mentutor/mentor.feature:80 # Put update profile mentor witohut using uppercase on field name


classpath:features/Mentutor/mentor.feature:94 # Put update profile mentor without input name,email,password


classpath:features/Mentutor/mentor.feature:134 # Put update task with valid id and invalid due date


classpath:features/Mentutor/mentor.feature:135 # Put update task with valid id and invalid due date


classpath:features/Mentutor/mentor.feature:241 # Post with valid id and using integer on comment


classpath:features/Mentutor/mentor.feature:286 # Delete task with valid id




42
 Scenarios (
&amp#27;[31m11 failed&amp#27;[0m
, 
&amp#27;[32m31 passed&amp#27;[0m
)


204
 Steps (
&amp#27;[31m11 failed&amp#27;[0m
, 
&amp#27;[36m17 skipped&amp#27;[0m
, 
&amp#27;[32m176 passed&amp#27;[0m
)


2m
17.305s






java.lang.AssertionError: 1 expectation failed.
Expected status code <200> but was <201>.



	at sun.reflect.NativeConstructorAccessorImpl.newInstance0(Native Method)


	at sun.reflect.NativeConstructorAccessorImpl.newInstance(NativeConstructorAccessorImpl.java:62)


	at sun.reflect.DelegatingConstructorAccessorImpl.newInstance(DelegatingConstructorAccessorImpl.java:45)


	at java.lang.reflect.Constructor.newInstance(Constructor.java:423)


	at org.codehaus.groovy.reflection.CachedConstructor.invoke(CachedConstructor.java:72)


	at org.codehaus.groovy.reflection.CachedConstructor.doConstructorInvoke(CachedConstructor.java:59)


	at org.codehaus.groovy.runtime.callsite.ConstructorSite$ConstructorSiteNoUnwrap.callConstructor(ConstructorSite.java:84)


	at org.codehaus.groovy.runtime.callsite.CallSiteArray.defaultCallConstructor(CallSiteArray.java:59)


	at org.codehaus.groovy.runtime.callsite.AbstractCallSite.callConstructor(AbstractCallSite.java:263)


	at org.codehaus.groovy.runtime.callsite.AbstractCallSite.callConstructor(AbstractCallSite.java:277)


	at io.restassured.internal.ResponseSpecificationImpl$HamcrestAssertionClosure.validate(ResponseSpecificationImpl.groovy:493)


	at io.restassured.internal.ResponseSpecificationImpl$HamcrestAssertionClosure$validate$1.call(Unknown Source)


	at io.restassured.internal.ResponseSpecificationImpl.validateResponseIfRequired(ResponseSpecificationImpl.groovy:674)


	at sun.reflect.NativeMethodAccessorImpl.invoke0(Native Method)


	at sun.reflect.NativeMethodAccessorImpl.invoke(NativeMethodAccessorImpl.java:62)


	at sun.reflect.DelegatingMethodAccessorImpl.invoke(DelegatingMethodAccessorImpl.java:43)


	at java.lang.reflect.Method.invoke(Method.java:498)


	at org.codehaus.groovy.runtime.callsite.PlainObjectMetaMethodSite.doInvoke(PlainObjectMetaMethodSite.java:43)


	at org.codehaus.groovy.runtime.callsite.PogoMetaMethodSite$PogoCachedMethodSiteNoUnwrapNoCoerce.invoke(PogoMetaMethodSite.java:193)


	at org.codehaus.groovy.runtime.callsite.PogoMetaMethodSite.callCurrent(PogoMetaMethodSite.java:61)


	at org.codehaus.groovy.runtime.callsite.CallSiteArray.defaultCallCurrent(CallSiteArray.java:51)


	at org.codehaus.groovy.runtime.callsite.AbstractCallSite.callCurrent(AbstractCallSite.java:171)


	at org.codehaus.groovy.runtime.callsite.AbstractCallSite.callCurrent(AbstractCallSite.java:185)


	at io.restassured.internal.ResponseSpecificationImpl.statusCode(ResponseSpecificationImpl.groovy:126)


	at io.restassured.specification.ResponseSpecification$statusCode$0.callCurrent(Unknown Source)


	at org.codehaus.groovy.runtime.callsite.CallSiteArray.defaultCallCurrent(CallSiteArray.java:51)


	at org.codehaus.groovy.runtime.callsite.AbstractCallSite.callCurrent(AbstractCallSite.java:171)


	at org.codehaus.groovy.runtime.callsite.AbstractCallSite.callCurrent(AbstractCallSite.java:185)


	at io.restassured.internal.ResponseSpecificationImpl.statusCode(ResponseSpecificationImpl.groovy:134)


	at io.restassured.internal.ValidatableResponseOptionsImpl.statusCode(ValidatableResponseOptionsImpl.java:89)


	at io.restassured.internal.ValidatableResponseImpl.super$2$statusCode(ValidatableResponseImpl.groovy)


	at sun.reflect.NativeMethodAccessorImpl.invoke0(Native Method)


	at sun.reflect.NativeMethodAccessorImpl.invoke(NativeMethodAccessorImpl.java:62)


	at sun.reflect.DelegatingMethodAccessorImpl.invoke(DelegatingMethodAccessorImpl.java:43)


	at java.lang.reflect.Method.invoke(Method.java:498)


	at org.codehaus.groovy.reflection.CachedMethod.invoke(CachedMethod.java:107)


	at groovy.lang.MetaMethod.doMethodInvoke(MetaMethod.java:323)


	at groovy.lang.MetaClassImpl.invokeMethod(MetaClassImpl.java:1267)


	at org.codehaus.groovy.runtime.ScriptBytecodeAdapter.invokeMethodOnSuperN(ScriptBytecodeAdapter.java:144)


	at io.restassured.internal.ValidatableResponseImpl.statusCode(ValidatableResponseImpl.groovy:142)


	at io.restassured.internal.ValidatableResponseImpl.statusCode(ValidatableResponseImpl.groovy)


	at stepdef.MentorStepDef.responseCodeMentorShouldBe(MentorStepDef.java:185)


	at ?.response code mentor should be 200(classpath:features/Mentutor/mentor.feature:14)




java.lang.AssertionError: 1 expectation failed.
Expected status code <200> but was <201>.



	at sun.reflect.NativeConstructorAccessorImpl.newInstance0(Native Method)


	at sun.reflect.NativeConstructorAccessorImpl.newInstance(NativeConstructorAccessorImpl.java:62)


	at sun.reflect.DelegatingConstructorAccessorImpl.newInstance(DelegatingConstructorAccessorImpl.java:45)


	at java.lang.reflect.Constructor.newInstance(Constructor.java:423)


	at org.codehaus.groovy.reflection.CachedConstructor.invoke(CachedConstructor.java:72)


	at org.codehaus.groovy.reflection.CachedConstructor.doConstructorInvoke(CachedConstructor.java:59)


	at org.codehaus.groovy.runtime.callsite.ConstructorSite$ConstructorSiteNoUnwrap.callConstructor(ConstructorSite.java:84)


	at org.codehaus.groovy.runtime.callsite.AbstractCallSite.callConstructor(AbstractCallSite.java:277)


	at io.restassured.internal.ResponseSpecificationImpl$HamcrestAssertionClosure.validate(ResponseSpecificationImpl.groovy:493)


	at io.restassured.internal.ResponseSpecificationImpl$HamcrestAssertionClosure$validate$1.call(Unknown Source)


	at io.restassured.internal.ResponseSpecificationImpl.validateResponseIfRequired(ResponseSpecificationImpl.groovy:674)


	at sun.reflect.NativeMethodAccessorImpl.invoke0(Native Method)


	at sun.reflect.NativeMethodAccessorImpl.invoke(NativeMethodAccessorImpl.java:62)


	at sun.reflect.DelegatingMethodAccessorImpl.invoke(DelegatingMethodAccessorImpl.java:43)


	at java.lang.reflect.Method.invoke(Method.java:498)


	at org.codehaus.groovy.runtime.callsite.PlainObjectMetaMethodSite.doInvoke(PlainObjectMetaMethodSite.java:43)


	at org.codehaus.groovy.runtime.callsite.PogoMetaMethodSite$PogoCachedMethodSiteNoUnwrapNoCoerce.invoke(PogoMetaMethodSite.java:193)


	at org.codehaus.groovy.runtime.callsite.PogoMetaMethodSite.callCurrent(PogoMetaMethodSite.java:61)


	at org.codehaus.groovy.runtime.callsite.AbstractCallSite.callCurrent(AbstractCallSite.java:185)


	at io.restassured.internal.ResponseSpecificationImpl.statusCode(ResponseSpecificationImpl.groovy:126)


	at io.restassured.specification.ResponseSpecification$statusCode$0.callCurrent(Unknown Source)


	at io.restassured.internal.ResponseSpecificationImpl.statusCode(ResponseSpecificationImpl.groovy:134)


	at io.restassured.internal.ValidatableResponseOptionsImpl.statusCode(ValidatableResponseOptionsImpl.java:89)


	at io.restassured.internal.ValidatableResponseImpl.super$2$statusCode(ValidatableResponseImpl.groovy)


	at sun.reflect.NativeMethodAccessorImpl.invoke0(Native Method)


	at sun.reflect.NativeMethodAccessorImpl.invoke(NativeMethodAccessorImpl.java:62)


	at sun.reflect.DelegatingMethodAccessorImpl.invoke(DelegatingMethodAccessorImpl.java:43)


	at java.lang.reflect.Method.invoke(Method.java:498)


	at org.codehaus.groovy.reflection.CachedMethod.invoke(CachedMethod.java:107)


	at groovy.lang.MetaMethod.doMethodInvoke(MetaMethod.java:323)


	at groovy.lang.MetaClassImpl.invokeMethod(MetaClassImpl.java:1267)


	at org.codehaus.groovy.runtime.ScriptBytecodeAdapter.invokeMethodOnSuperN(ScriptBytecodeAdapter.java:144)


	at io.restassured.internal.ValidatableResponseImpl.statusCode(ValidatableResponseImpl.groovy:142)


	at io.restassured.internal.ValidatableResponseImpl.statusCode(ValidatableResponseImpl.groovy)


	at stepdef.MentorStepDef.responseCodeMentorShouldBe(MentorStepDef.java:185)


	at ?.response code mentor should be 200(classpath:features/Mentutor/mentor.feature:20)




java.lang.AssertionError: 1 expectation failed.
Expected status code <400> but was <201>.



	at sun.reflect.NativeConstructorAccessorImpl.newInstance0(Native Method)


	at sun.reflect.NativeConstructorAccessorImpl.newInstance(NativeConstructorAccessorImpl.java:62)


	at sun.reflect.DelegatingConstructorAccessorImpl.newInstance(DelegatingConstructorAccessorImpl.java:45)


	at java.lang.reflect.Constructor.newInstance(Constructor.java:423)


	at org.codehaus.groovy.reflection.CachedConstructor.invoke(CachedConstructor.java:72)


	at org.codehaus.groovy.reflection.CachedConstructor.doConstructorInvoke(CachedConstructor.java:59)


	at org.codehaus.groovy.runtime.callsite.ConstructorSite$ConstructorSiteNoUnwrap.callConstructor(ConstructorSite.java:84)


	at org.codehaus.groovy.runtime.callsite.AbstractCallSite.callConstructor(AbstractCallSite.java:277)


	at io.restassured.internal.ResponseSpecificationImpl$HamcrestAssertionClosure.validate(ResponseSpecificationImpl.groovy:493)


	at io.restassured.internal.ResponseSpecificationImpl$HamcrestAssertionClosure$validate$1.call(Unknown Source)


	at io.restassured.internal.ResponseSpecificationImpl.validateResponseIfRequired(ResponseSpecificationImpl.groovy:674)


	at sun.reflect.NativeMethodAccessorImpl.invoke0(Native Method)


	at sun.reflect.NativeMethodAccessorImpl.invoke(NativeMethodAccessorImpl.java:62)


	at sun.reflect.DelegatingMethodAccessorImpl.invoke(DelegatingMethodAccessorImpl.java:43)


	at java.lang.reflect.Method.invoke(Method.java:498)


	at org.codehaus.groovy.runtime.callsite.PlainObjectMetaMethodSite.doInvoke(PlainObjectMetaMethodSite.java:43)


	at org.codehaus.groovy.runtime.callsite.PogoMetaMethodSite$PogoCachedMethodSiteNoUnwrapNoCoerce.invoke(PogoMetaMethodSite.java:193)


	at org.codehaus.groovy.runtime.callsite.PogoMetaMethodSite.callCurrent(PogoMetaMethodSite.java:61)


	at org.codehaus.groovy.runtime.callsite.AbstractCallSite.callCurrent(AbstractCallSite.java:185)


	at io.restassured.internal.ResponseSpecificationImpl.statusCode(ResponseSpecificationImpl.groovy:126)


	at io.restassured.specification.ResponseSpecification$statusCode$0.callCurrent(Unknown Source)


	at io.restassured.internal.ResponseSpecificationImpl.statusCode(ResponseSpecificationImpl.groovy:134)


	at io.restassured.internal.ValidatableResponseOptionsImpl.statusCode(ValidatableResponseOptionsImpl.java:89)


	at io.restassured.internal.ValidatableResponseImpl.super$2$statusCode(ValidatableResponseImpl.groovy)


	at sun.reflect.NativeMethodAccessorImpl.invoke0(Native Method)


	at sun.reflect.NativeMethodAccessorImpl.invoke(NativeMethodAccessorImpl.java:62)


	at sun.reflect.DelegatingMethodAccessorImpl.invoke(DelegatingMethodAccessorImpl.java:43)


	at java.lang.reflect.Method.invoke(Method.java:498)


	at org.codehaus.groovy.reflection.CachedMethod.invoke(CachedMethod.java:107)


	at groovy.lang.MetaMethod.doMethodInvoke(MetaMethod.java:323)


	at groovy.lang.MetaClassImpl.invokeMethod(MetaClassImpl.java:1267)


	at org.codehaus.groovy.runtime.ScriptBytecodeAdapter.invokeMethodOnSuperN(ScriptBytecodeAdapter.java:144)


	at io.restassured.internal.ValidatableResponseImpl.statusCode(ValidatableResponseImpl.groovy:142)


	at io.restassured.internal.ValidatableResponseImpl.statusCode(ValidatableResponseImpl.groovy)


	at stepdef.MentorStepDef.responseCodeMentorShouldBe(MentorStepDef.java:185)


	at ?.response code mentor should be 400(classpath:features/Mentutor/mentor.feature:25)




java.lang.AssertionError: 1 expectation failed.
Expected status code <200> but was <201>.



	at sun.reflect.NativeConstructorAccessorImpl.newInstance0(Native Method)


	at sun.reflect.NativeConstructorAccessorImpl.newInstance(NativeConstructorAccessorImpl.java:62)


	at sun.reflect.DelegatingConstructorAccessorImpl.newInstance(DelegatingConstructorAccessorImpl.java:45)


	at java.lang.reflect.Constructor.newInstance(Constructor.java:423)


	at org.codehaus.groovy.reflection.CachedConstructor.invoke(CachedConstructor.java:72)


	at org.codehaus.groovy.reflection.CachedConstructor.doConstructorInvoke(CachedConstructor.java:59)


	at org.codehaus.groovy.runtime.callsite.ConstructorSite$ConstructorSiteNoUnwrap.callConstructor(ConstructorSite.java:84)


	at org.codehaus.groovy.runtime.callsite.AbstractCallSite.callConstructor(AbstractCallSite.java:277)


	at io.restassured.internal.ResponseSpecificationImpl$HamcrestAssertionClosure.validate(ResponseSpecificationImpl.groovy:493)


	at io.restassured.internal.ResponseSpecificationImpl$HamcrestAssertionClosure$validate$1.call(Unknown Source)


	at io.restassured.internal.ResponseSpecificationImpl.validateResponseIfRequired(ResponseSpecificationImpl.groovy:674)


	at sun.reflect.NativeMethodAccessorImpl.invoke0(Native Method)


	at sun.reflect.NativeMethodAccessorImpl.invoke(NativeMethodAccessorImpl.java:62)


	at sun.reflect.DelegatingMethodAccessorImpl.invoke(DelegatingMethodAccessorImpl.java:43)


	at java.lang.reflect.Method.invoke(Method.java:498)


	at org.codehaus.groovy.runtime.callsite.PlainObjectMetaMethodSite.doInvoke(PlainObjectMetaMethodSite.java:43)


	at org.codehaus.groovy.runtime.callsite.PogoMetaMethodSite$PogoCachedMethodSiteNoUnwrapNoCoerce.invoke(PogoMetaMethodSite.java:193)


	at org.codehaus.groovy.runtime.callsite.PogoMetaMethodSite.callCurrent(PogoMetaMethodSite.java:61)


	at org.codehaus.groovy.runtime.callsite.AbstractCallSite.callCurrent(AbstractCallSite.java:185)


	at io.restassured.internal.ResponseSpecificationImpl.statusCode(ResponseSpecificationImpl.groovy:126)


	at io.restassured.specification.ResponseSpecification$statusCode$0.callCurrent(Unknown Source)


	at io.restassured.internal.ResponseSpecificationImpl.statusCode(ResponseSpecificationImpl.groovy:134)


	at io.restassured.internal.ValidatableResponseOptionsImpl.statusCode(ValidatableResponseOptionsImpl.java:89)


	at io.restassured.internal.ValidatableResponseImpl.super$2$statusCode(ValidatableResponseImpl.groovy)


	at sun.reflect.NativeMethodAccessorImpl.invoke0(Native Method)


	at sun.reflect.NativeMethodAccessorImpl.invoke(NativeMethodAccessorImpl.java:62)


	at sun.reflect.DelegatingMethodAccessorImpl.invoke(DelegatingMethodAccessorImpl.java:43)


	at java.lang.reflect.Method.invoke(Method.java:498)


	at org.codehaus.groovy.reflection.CachedMethod.invoke(CachedMethod.java:107)


	at groovy.lang.MetaMethod.doMethodInvoke(MetaMethod.java:323)


	at groovy.lang.MetaClassImpl.invokeMethod(MetaClassImpl.java:1267)


	at org.codehaus.groovy.runtime.ScriptBytecodeAdapter.invokeMethodOnSuperN(ScriptBytecodeAdapter.java:144)


	at io.restassured.internal.ValidatableResponseImpl.statusCode(ValidatableResponseImpl.groovy:142)


	at io.restassured.internal.ValidatableResponseImpl.statusCode(ValidatableResponseImpl.groovy)


	at stepdef.MentorStepDef.responseCodeMentorShouldBe(MentorStepDef.java:185)


	at ?.response code mentor should be 200(classpath:features/Mentutor/mentor.feature:36)




java.lang.AssertionError: 1 expectation failed.
Expected status code <201> but was <400>.



	at sun.reflect.NativeConstructorAccessorImpl.newInstance0(Native Method)


	at sun.reflect.NativeConstructorAccessorImpl.newInstance(NativeConstructorAccessorImpl.java:62)


	at sun.reflect.DelegatingConstructorAccessorImpl.newInstance(DelegatingConstructorAccessorImpl.java:45)


	at java.lang.reflect.Constructor.newInstance(Constructor.java:423)


	at org.codehaus.groovy.reflection.CachedConstructor.invoke(CachedConstructor.java:72)


	at org.codehaus.groovy.reflection.CachedConstructor.doConstructorInvoke(CachedConstructor.java:59)


	at org.codehaus.groovy.runtime.callsite.ConstructorSite$ConstructorSiteNoUnwrap.callConstructor(ConstructorSite.java:84)


	at org.codehaus.groovy.runtime.callsite.AbstractCallSite.callConstructor(AbstractCallSite.java:277)


	at io.restassured.internal.ResponseSpecificationImpl$HamcrestAssertionClosure.validate(ResponseSpecificationImpl.groovy:493)


	at io.restassured.internal.ResponseSpecificationImpl$HamcrestAssertionClosure$validate$1.call(Unknown Source)


	at io.restassured.internal.ResponseSpecificationImpl.validateResponseIfRequired(ResponseSpecificationImpl.groovy:674)


	at sun.reflect.GeneratedMethodAccessor89.invoke(Unknown Source)


	at sun.reflect.DelegatingMethodAccessorImpl.invoke(DelegatingMethodAccessorImpl.java:43)


	at java.lang.reflect.Method.invoke(Method.java:498)


	at org.codehaus.groovy.runtime.callsite.PlainObjectMetaMethodSite.doInvoke(PlainObjectMetaMethodSite.java:43)


	at org.codehaus.groovy.runtime.callsite.PogoMetaMethodSite$PogoCachedMethodSiteNoUnwrapNoCoerce.invoke(PogoMetaMethodSite.java:193)


	at org.codehaus.groovy.runtime.callsite.PogoMetaMethodSite.callCurrent(PogoMetaMethodSite.java:61)


	at org.codehaus.groovy.runtime.callsite.AbstractCallSite.callCurrent(AbstractCallSite.java:185)


	at io.restassured.internal.ResponseSpecificationImpl.statusCode(ResponseSpecificationImpl.groovy:126)


	at io.restassured.specification.ResponseSpecification$statusCode$0.callCurrent(Unknown Source)


	at io.restassured.internal.ResponseSpecificationImpl.statusCode(ResponseSpecificationImpl.groovy:134)


	at io.restassured.internal.ValidatableResponseOptionsImpl.statusCode(ValidatableResponseOptionsImpl.java:89)


	at io.restassured.internal.ValidatableResponseImpl.super$2$statusCode(ValidatableResponseImpl.groovy)


	at sun.reflect.NativeMethodAccessorImpl.invoke0(Native Method)


	at sun.reflect.NativeMethodAccessorImpl.invoke(NativeMethodAccessorImpl.java:62)


	at sun.reflect.DelegatingMethodAccessorImpl.invoke(DelegatingMethodAccessorImpl.java:43)


	at java.lang.reflect.Method.invoke(Method.java:498)


	at org.codehaus.groovy.reflection.CachedMethod.invoke(CachedMethod.java:107)


	at groovy.lang.MetaMethod.doMethodInvoke(MetaMethod.java:323)


	at groovy.lang.MetaClassImpl.invokeMethod(MetaClassImpl.java:1267)


	at org.codehaus.groovy.runtime.ScriptBytecodeAdapter.invokeMethodOnSuperN(ScriptBytecodeAdapter.java:144)


	at io.restassured.internal.ValidatableResponseImpl.statusCode(ValidatableResponseImpl.groovy:142)


	at io.restassured.internal.ValidatableResponseImpl.statusCode(ValidatableResponseImpl.groovy)


	at stepdef.MentorStepDef.responseCodeMentorShouldBe(MentorStepDef.java:185)


	at ?.response code mentor should be 201(classpath:features/Mentutor/mentor.feature:76)




java.lang.AssertionError: 1 expectation failed.
Expected status code <201> but was <400>.



	at sun.reflect.NativeConstructorAccessorImpl.newInstance0(Native Method)


	at sun.reflect.NativeConstructorAccessorImpl.newInstance(NativeConstructorAccessorImpl.java:62)


	at sun.reflect.DelegatingConstructorAccessorImpl.newInstance(DelegatingConstructorAccessorImpl.java:45)


	at java.lang.reflect.Constructor.newInstance(Constructor.java:423)


	at org.codehaus.groovy.reflection.CachedConstructor.invoke(CachedConstructor.java:72)


	at org.codehaus.groovy.reflection.CachedConstructor.doConstructorInvoke(CachedConstructor.java:59)


	at org.codehaus.groovy.runtime.callsite.ConstructorSite$ConstructorSiteNoUnwrap.callConstructor(ConstructorSite.java:84)


	at org.codehaus.groovy.runtime.callsite.AbstractCallSite.callConstructor(AbstractCallSite.java:277)


	at io.restassured.internal.ResponseSpecificationImpl$HamcrestAssertionClosure.validate(ResponseSpecificationImpl.groovy:493)


	at io.restassured.internal.ResponseSpecificationImpl$HamcrestAssertionClosure$validate$1.call(Unknown Source)


	at io.restassured.internal.ResponseSpecificationImpl.validateResponseIfRequired(ResponseSpecificationImpl.groovy:674)


	at sun.reflect.GeneratedMethodAccessor89.invoke(Unknown Source)


	at sun.reflect.DelegatingMethodAccessorImpl.invoke(DelegatingMethodAccessorImpl.java:43)


	at java.lang.reflect.Method.invoke(Method.java:498)


	at org.codehaus.groovy.runtime.callsite.PlainObjectMetaMethodSite.doInvoke(PlainObjectMetaMethodSite.java:43)


	at org.codehaus.groovy.runtime.callsite.PogoMetaMethodSite$PogoCachedMethodSiteNoUnwrapNoCoerce.invoke(PogoMetaMethodSite.java:193)


	at org.codehaus.groovy.runtime.callsite.PogoMetaMethodSite.callCurrent(PogoMetaMethodSite.java:61)


	at org.codehaus.groovy.runtime.callsite.AbstractCallSite.callCurrent(AbstractCallSite.java:185)


	at io.restassured.internal.ResponseSpecificationImpl.statusCode(ResponseSpecificationImpl.groovy:126)


	at io.restassured.specification.ResponseSpecification$statusCode$0.callCurrent(Unknown Source)


	at io.restassured.internal.ResponseSpecificationImpl.statusCode(ResponseSpecificationImpl.groovy:134)


	at io.restassured.internal.ValidatableResponseOptionsImpl.statusCode(ValidatableResponseOptionsImpl.java:89)


	at io.restassured.internal.ValidatableResponseImpl.super$2$statusCode(ValidatableResponseImpl.groovy)


	at sun.reflect.NativeMethodAccessorImpl.invoke0(Native Method)


	at sun.reflect.NativeMethodAccessorImpl.invoke(NativeMethodAccessorImpl.java:62)


	at sun.reflect.DelegatingMethodAccessorImpl.invoke(DelegatingMethodAccessorImpl.java:43)


	at java.lang.reflect.Method.invoke(Method.java:498)


	at org.codehaus.groovy.reflection.CachedMethod.invoke(CachedMethod.java:107)


	at groovy.lang.MetaMethod.doMethodInvoke(MetaMethod.java:323)


	at groovy.lang.MetaClassImpl.invokeMethod(MetaClassImpl.java:1267)


	at org.codehaus.groovy.runtime.ScriptBytecodeAdapter.invokeMethodOnSuperN(ScriptBytecodeAdapter.java:144)


	at io.restassured.internal.ValidatableResponseImpl.statusCode(ValidatableResponseImpl.groovy:142)


	at io.restassured.internal.ValidatableResponseImpl.statusCode(ValidatableResponseImpl.groovy)


	at stepdef.MentorStepDef.responseCodeMentorShouldBe(MentorStepDef.java:185)


	at ?.response code mentor should be 201(classpath:features/Mentutor/mentor.feature:83)




java.lang.AssertionError: 1 expectation failed.
Expected status code <400> but was <201>.



	at sun.reflect.NativeConstructorAccessorImpl.newInstance0(Native Method)


	at sun.reflect.NativeConstructorAccessorImpl.newInstance(NativeConstructorAccessorImpl.java:62)


	at sun.reflect.DelegatingConstructorAccessorImpl.newInstance(DelegatingConstructorAccessorImpl.java:45)


	at java.lang.reflect.Constructor.newInstance(Constructor.java:423)


	at org.codehaus.groovy.reflection.CachedConstructor.invoke(CachedConstructor.java:72)


	at org.codehaus.groovy.reflection.CachedConstructor.doConstructorInvoke(CachedConstructor.java:59)


	at org.codehaus.groovy.runtime.callsite.ConstructorSite$ConstructorSiteNoUnwrap.callConstructor(ConstructorSite.java:84)


	at org.codehaus.groovy.runtime.callsite.AbstractCallSite.callConstructor(AbstractCallSite.java:277)


	at io.restassured.internal.ResponseSpecificationImpl$HamcrestAssertionClosure.validate(ResponseSpecificationImpl.groovy:493)


	at io.restassured.internal.ResponseSpecificationImpl$HamcrestAssertionClosure$validate$1.call(Unknown Source)


	at io.restassured.internal.ResponseSpecificationImpl.validateResponseIfRequired(ResponseSpecificationImpl.groovy:674)


	at sun.reflect.GeneratedMethodAccessor89.invoke(Unknown Source)


	at sun.reflect.DelegatingMethodAccessorImpl.invoke(DelegatingMethodAccessorImpl.java:43)


	at java.lang.reflect.Method.invoke(Method.java:498)


	at org.codehaus.groovy.runtime.callsite.PlainObjectMetaMethodSite.doInvoke(PlainObjectMetaMethodSite.java:43)


	at org.codehaus.groovy.runtime.callsite.PogoMetaMethodSite$PogoCachedMethodSiteNoUnwrapNoCoerce.invoke(PogoMetaMethodSite.java:193)


	at org.codehaus.groovy.runtime.callsite.PogoMetaMethodSite.callCurrent(PogoMetaMethodSite.java:61)


	at org.codehaus.groovy.runtime.callsite.AbstractCallSite.callCurrent(AbstractCallSite.java:185)


	at io.restassured.internal.ResponseSpecificationImpl.statusCode(ResponseSpecificationImpl.groovy:126)


	at io.restassured.specification.ResponseSpecification$statusCode$0.callCurrent(Unknown Source)


	at io.restassured.internal.ResponseSpecificationImpl.statusCode(ResponseSpecificationImpl.groovy:134)


	at io.restassured.internal.ValidatableResponseOptionsImpl.statusCode(ValidatableResponseOptionsImpl.java:89)


	at io.restassured.internal.ValidatableResponseImpl.super$2$statusCode(ValidatableResponseImpl.groovy)


	at sun.reflect.NativeMethodAccessorImpl.invoke0(Native Method)


	at sun.reflect.NativeMethodAccessorImpl.invoke(NativeMethodAccessorImpl.java:62)


	at sun.reflect.DelegatingMethodAccessorImpl.invoke(DelegatingMethodAccessorImpl.java:43)


	at java.lang.reflect.Method.invoke(Method.java:498)


	at org.codehaus.groovy.reflection.CachedMethod.invoke(CachedMethod.java:107)


	at groovy.lang.MetaMethod.doMethodInvoke(MetaMethod.java:323)


	at groovy.lang.MetaClassImpl.invokeMethod(MetaClassImpl.java:1267)


	at org.codehaus.groovy.runtime.ScriptBytecodeAdapter.invokeMethodOnSuperN(ScriptBytecodeAdapter.java:144)


	at io.restassured.internal.ValidatableResponseImpl.statusCode(ValidatableResponseImpl.groovy:142)


	at io.restassured.internal.ValidatableResponseImpl.statusCode(ValidatableResponseImpl.groovy)


	at stepdef.MentorStepDef.responseCodeMentorShouldBe(MentorStepDef.java:185)


	at ?.response code mentor should be 400(classpath:features/Mentutor/mentor.feature:97)




java.lang.AssertionError: 1 expectation failed.
Expected status code <400> but was <201>.



	at sun.reflect.NativeConstructorAccessorImpl.newInstance0(Native Method)


	at sun.reflect.NativeConstructorAccessorImpl.newInstance(NativeConstructorAccessorImpl.java:62)


	at sun.reflect.DelegatingConstructorAccessorImpl.newInstance(DelegatingConstructorAccessorImpl.java:45)


	at java.lang.reflect.Constructor.newInstance(Constructor.java:423)


	at org.codehaus.groovy.reflection.CachedConstructor.invoke(CachedConstructor.java:72)


	at org.codehaus.groovy.reflection.CachedConstructor.doConstructorInvoke(CachedConstructor.java:59)


	at org.codehaus.groovy.runtime.callsite.ConstructorSite$ConstructorSiteNoUnwrap.callConstructor(ConstructorSite.java:84)


	at org.codehaus.groovy.runtime.callsite.AbstractCallSite.callConstructor(AbstractCallSite.java:277)


	at io.restassured.internal.ResponseSpecificationImpl$HamcrestAssertionClosure.validate(ResponseSpecificationImpl.groovy:493)


	at io.restassured.internal.ResponseSpecificationImpl$HamcrestAssertionClosure$validate$1.call(Unknown Source)


	at io.restassured.internal.ResponseSpecificationImpl.validateResponseIfRequired(ResponseSpecificationImpl.groovy:674)


	at sun.reflect.GeneratedMethodAccessor89.invoke(Unknown Source)


	at sun.reflect.DelegatingMethodAccessorImpl.invoke(DelegatingMethodAccessorImpl.java:43)


	at java.lang.reflect.Method.invoke(Method.java:498)


	at org.codehaus.groovy.runtime.callsite.PlainObjectMetaMethodSite.doInvoke(PlainObjectMetaMethodSite.java:43)


	at org.codehaus.groovy.runtime.callsite.PogoMetaMethodSite$PogoCachedMethodSiteNoUnwrapNoCoerce.invoke(PogoMetaMethodSite.java:193)


	at org.codehaus.groovy.runtime.callsite.PogoMetaMethodSite.callCurrent(PogoMetaMethodSite.java:61)


	at org.codehaus.groovy.runtime.callsite.AbstractCallSite.callCurrent(AbstractCallSite.java:185)


	at io.restassured.internal.ResponseSpecificationImpl.statusCode(ResponseSpecificationImpl.groovy:126)


	at io.restassured.specification.ResponseSpecification$statusCode$0.callCurrent(Unknown Source)


	at io.restassured.internal.ResponseSpecificationImpl.statusCode(ResponseSpecificationImpl.groovy:134)


	at io.restassured.internal.ValidatableResponseOptionsImpl.statusCode(ValidatableResponseOptionsImpl.java:89)


	at io.restassured.internal.ValidatableResponseImpl.super$2$statusCode(ValidatableResponseImpl.groovy)


	at sun.reflect.NativeMethodAccessorImpl.invoke0(Native Method)


	at sun.reflect.NativeMethodAccessorImpl.invoke(NativeMethodAccessorImpl.java:62)


	at sun.reflect.DelegatingMethodAccessorImpl.invoke(DelegatingMethodAccessorImpl.java:43)


	at java.lang.reflect.Method.invoke(Method.java:498)


	at org.codehaus.groovy.reflection.CachedMethod.invoke(CachedMethod.java:107)


	at groovy.lang.MetaMethod.doMethodInvoke(MetaMethod.java:323)


	at groovy.lang.MetaClassImpl.invokeMethod(MetaClassImpl.java:1267)


	at org.codehaus.groovy.runtime.ScriptBytecodeAdapter.invokeMethodOnSuperN(ScriptBytecodeAdapter.java:144)


	at io.restassured.internal.ValidatableResponseImpl.statusCode(ValidatableResponseImpl.groovy:142)


	at io.restassured.internal.ValidatableResponseImpl.statusCode(ValidatableResponseImpl.groovy)


	at stepdef.MentorStepDef.responseCodeMentorShouldBe(MentorStepDef.java:185)


	at ?.response code mentor should be 400(classpath:features/Mentutor/mentor.feature:129)




java.lang.AssertionError: 1 expectation failed.
Expected status code <400> but was <201>.



	at sun.reflect.NativeConstructorAccessorImpl.newInstance0(Native Method)


	at sun.reflect.NativeConstructorAccessorImpl.newInstance(NativeConstructorAccessorImpl.java:62)


	at sun.reflect.DelegatingConstructorAccessorImpl.newInstance(DelegatingConstructorAccessorImpl.java:45)


	at java.lang.reflect.Constructor.newInstance(Constructor.java:423)


	at org.codehaus.groovy.reflection.CachedConstructor.invoke(CachedConstructor.java:72)


	at org.codehaus.groovy.reflection.CachedConstructor.doConstructorInvoke(CachedConstructor.java:59)


	at org.codehaus.groovy.runtime.callsite.ConstructorSite$ConstructorSiteNoUnwrap.callConstructor(ConstructorSite.java:84)


	at org.codehaus.groovy.runtime.callsite.AbstractCallSite.callConstructor(AbstractCallSite.java:277)


	at io.restassured.internal.ResponseSpecificationImpl$HamcrestAssertionClosure.validate(ResponseSpecificationImpl.groovy:493)


	at io.restassured.internal.ResponseSpecificationImpl$HamcrestAssertionClosure$validate$1.call(Unknown Source)


	at io.restassured.internal.ResponseSpecificationImpl.validateResponseIfRequired(ResponseSpecificationImpl.groovy:674)


	at sun.reflect.GeneratedMethodAccessor89.invoke(Unknown Source)


	at sun.reflect.DelegatingMethodAccessorImpl.invoke(DelegatingMethodAccessorImpl.java:43)


	at java.lang.reflect.Method.invoke(Method.java:498)


	at org.codehaus.groovy.runtime.callsite.PlainObjectMetaMethodSite.doInvoke(PlainObjectMetaMethodSite.java:43)


	at org.codehaus.groovy.runtime.callsite.PogoMetaMethodSite$PogoCachedMethodSiteNoUnwrapNoCoerce.invoke(PogoMetaMethodSite.java:193)


	at org.codehaus.groovy.runtime.callsite.PogoMetaMethodSite.callCurrent(PogoMetaMethodSite.java:61)


	at org.codehaus.groovy.runtime.callsite.AbstractCallSite.callCurrent(AbstractCallSite.java:185)


	at io.restassured.internal.ResponseSpecificationImpl.statusCode(ResponseSpecificationImpl.groovy:126)


	at io.restassured.specification.ResponseSpecification$statusCode$0.callCurrent(Unknown Source)


	at io.restassured.internal.ResponseSpecificationImpl.statusCode(ResponseSpecificationImpl.groovy:134)


	at io.restassured.internal.ValidatableResponseOptionsImpl.statusCode(ValidatableResponseOptionsImpl.java:89)


	at io.restassured.internal.ValidatableResponseImpl.super$2$statusCode(ValidatableResponseImpl.groovy)


	at sun.reflect.GeneratedMethodAccessor200.invoke(Unknown Source)


	at sun.reflect.DelegatingMethodAccessorImpl.invoke(DelegatingMethodAccessorImpl.java:43)


	at java.lang.reflect.Method.invoke(Method.java:498)


	at org.codehaus.groovy.reflection.CachedMethod.invoke(CachedMethod.java:107)


	at groovy.lang.MetaMethod.doMethodInvoke(MetaMethod.java:323)


	at groovy.lang.MetaClassImpl.invokeMethod(MetaClassImpl.java:1267)


	at org.codehaus.groovy.runtime.ScriptBytecodeAdapter.invokeMethodOnSuperN(ScriptBytecodeAdapter.java:144)


	at io.restassured.internal.ValidatableResponseImpl.statusCode(ValidatableResponseImpl.groovy:142)


	at io.restassured.internal.ValidatableResponseImpl.statusCode(ValidatableResponseImpl.groovy)


	at stepdef.MentorStepDef.responseCodeMentorShouldBe(MentorStepDef.java:185)


	at ?.response code mentor should be 400(classpath:features/Mentutor/mentor.feature:129)




java.lang.AssertionError: 1 expectation failed.
Expected status code <201> but was <400>.



	at sun.reflect.NativeConstructorAccessorImpl.newInstance0(Native Method)


	at sun.reflect.NativeConstructorAccessorImpl.newInstance(NativeConstructorAccessorImpl.java:62)


	at sun.reflect.DelegatingConstructorAccessorImpl.newInstance(DelegatingConstructorAccessorImpl.java:45)


	at java.lang.reflect.Constructor.newInstance(Constructor.java:423)


	at org.codehaus.groovy.reflection.CachedConstructor.invoke(CachedConstructor.java:72)


	at org.codehaus.groovy.reflection.CachedConstructor.doConstructorInvoke(CachedConstructor.java:59)


	at org.codehaus.groovy.runtime.callsite.ConstructorSite$ConstructorSiteNoUnwrap.callConstructor(ConstructorSite.java:84)


	at org.codehaus.groovy.runtime.callsite.AbstractCallSite.callConstructor(AbstractCallSite.java:277)


	at io.restassured.internal.ResponseSpecificationImpl$HamcrestAssertionClosure.validate(ResponseSpecificationImpl.groovy:493)


	at io.restassured.internal.ResponseSpecificationImpl$HamcrestAssertionClosure$validate$1.call(Unknown Source)


	at io.restassured.internal.ResponseSpecificationImpl.validateResponseIfRequired(ResponseSpecificationImpl.groovy:674)


	at sun.reflect.GeneratedMethodAccessor89.invoke(Unknown Source)


	at sun.reflect.DelegatingMethodAccessorImpl.invoke(DelegatingMethodAccessorImpl.java:43)


	at java.lang.reflect.Method.invoke(Method.java:498)


	at org.codehaus.groovy.runtime.callsite.PlainObjectMetaMethodSite.doInvoke(PlainObjectMetaMethodSite.java:43)


	at org.codehaus.groovy.runtime.callsite.PogoMetaMethodSite$PogoCachedMethodSiteNoUnwrapNoCoerce.invoke(PogoMetaMethodSite.java:193)


	at org.codehaus.groovy.runtime.callsite.PogoMetaMethodSite.callCurrent(PogoMetaMethodSite.java:61)


	at org.codehaus.groovy.runtime.callsite.AbstractCallSite.callCurrent(AbstractCallSite.java:185)


	at io.restassured.internal.ResponseSpecificationImpl.statusCode(ResponseSpecificationImpl.groovy:126)


	at io.restassured.specification.ResponseSpecification$statusCode$0.callCurrent(Unknown Source)


	at io.restassured.internal.ResponseSpecificationImpl.statusCode(ResponseSpecificationImpl.groovy:134)


	at io.restassured.internal.ValidatableResponseOptionsImpl.statusCode(ValidatableResponseOptionsImpl.java:89)


	at io.restassured.internal.ValidatableResponseImpl.super$2$statusCode(ValidatableResponseImpl.groovy)


	at sun.reflect.GeneratedMethodAccessor200.invoke(Unknown Source)


	at sun.reflect.DelegatingMethodAccessorImpl.invoke(DelegatingMethodAccessorImpl.java:43)


	at java.lang.reflect.Method.invoke(Method.java:498)


	at org.codehaus.groovy.reflection.CachedMethod.invoke(CachedMethod.java:107)


	at groovy.lang.MetaMethod.doMethodInvoke(MetaMethod.java:323)


	at groovy.lang.MetaClassImpl.invokeMethod(MetaClassImpl.java:1267)


	at org.codehaus.groovy.runtime.ScriptBytecodeAdapter.invokeMethodOnSuperN(ScriptBytecodeAdapter.java:144)


	at io.restassured.internal.ValidatableResponseImpl.statusCode(ValidatableResponseImpl.groovy:142)


	at io.restassured.internal.ValidatableResponseImpl.statusCode(ValidatableResponseImpl.groovy)


	at stepdef.MentorStepDef.responseCodeMentorShouldBe(MentorStepDef.java:185)


	at ?.response code mentor should be 201(classpath:features/Mentutor/mentor.feature:244)




java.lang.AssertionError: 1 expectation failed.
Expected status code <200> but was <201>.



	at sun.reflect.NativeConstructorAccessorImpl.newInstance0(Native Method)


	at sun.reflect.NativeConstructorAccessorImpl.newInstance(NativeConstructorAccessorImpl.java:62)


	at sun.reflect.DelegatingConstructorAccessorImpl.newInstance(DelegatingConstructorAccessorImpl.java:45)


	at java.lang.reflect.Constructor.newInstance(Constructor.java:423)


	at org.codehaus.groovy.reflection.CachedConstructor.invoke(CachedConstructor.java:72)


	at org.codehaus.groovy.reflection.CachedConstructor.doConstructorInvoke(CachedConstructor.java:59)


	at org.codehaus.groovy.runtime.callsite.ConstructorSite$ConstructorSiteNoUnwrap.callConstructor(ConstructorSite.java:84)


	at org.codehaus.groovy.runtime.callsite.AbstractCallSite.callConstructor(AbstractCallSite.java:277)


	at io.restassured.internal.ResponseSpecificationImpl$HamcrestAssertionClosure.validate(ResponseSpecificationImpl.groovy:493)


	at io.restassured.internal.ResponseSpecificationImpl$HamcrestAssertionClosure$validate$1.call(Unknown Source)


	at io.restassured.internal.ResponseSpecificationImpl.validateResponseIfRequired(ResponseSpecificationImpl.groovy:674)


	at sun.reflect.GeneratedMethodAccessor89.invoke(Unknown Source)


	at sun.reflect.DelegatingMethodAccessorImpl.invoke(DelegatingMethodAccessorImpl.java:43)


	at java.lang.reflect.Method.invoke(Method.java:498)


	at org.codehaus.groovy.runtime.callsite.PlainObjectMetaMethodSite.doInvoke(PlainObjectMetaMethodSite.java:43)


	at org.codehaus.groovy.runtime.callsite.PogoMetaMethodSite$PogoCachedMethodSiteNoUnwrapNoCoerce.invoke(PogoMetaMethodSite.java:193)


	at org.codehaus.groovy.runtime.callsite.PogoMetaMethodSite.callCurrent(PogoMetaMethodSite.java:61)


	at org.codehaus.groovy.runtime.callsite.AbstractCallSite.callCurrent(AbstractCallSite.java:185)


	at io.restassured.internal.ResponseSpecificationImpl.statusCode(ResponseSpecificationImpl.groovy:126)


	at io.restassured.specification.ResponseSpecification$statusCode$0.callCurrent(Unknown Source)


	at io.restassured.internal.ResponseSpecificationImpl.statusCode(ResponseSpecificationImpl.groovy:134)


	at io.restassured.internal.ValidatableResponseOptionsImpl.statusCode(ValidatableResponseOptionsImpl.java:89)


	at io.restassured.internal.ValidatableResponseImpl.super$2$statusCode(ValidatableResponseImpl.groovy)


	at sun.reflect.GeneratedMethodAccessor200.invoke(Unknown Source)


	at sun.reflect.DelegatingMethodAccessorImpl.invoke(DelegatingMethodAccessorImpl.java:43)


	at java.lang.reflect.Method.invoke(Method.java:498)


	at org.codehaus.groovy.reflection.CachedMethod.invoke(CachedMethod.java:107)


	at groovy.lang.MetaMethod.doMethodInvoke(MetaMethod.java:323)


	at groovy.lang.MetaClassImpl.invokeMethod(MetaClassImpl.java:1267)


	at org.codehaus.groovy.runtime.ScriptBytecodeAdapter.invokeMethodOnSuperN(ScriptBytecodeAdapter.java:144)


	at io.restassured.internal.ValidatableResponseImpl.statusCode(ValidatableResponseImpl.groovy:142)


	at io.restassured.internal.ValidatableResponseImpl.statusCode(ValidatableResponseImpl.groovy)


	at stepdef.MentorStepDef.responseCodeMentorShouldBe(MentorStepDef.java:185)


	at ?.response code mentor should be 200(classpath:features/Mentutor/mentor.feature:289)






20:12:09.064 [pool-2-thread-1] INFO  i.c.core.plugin.SerenityReporter - Cleanup test resources for URI classpath:features/Mentutor/mentor.feature


@MENTUTOR
Scenario: Get all task                                 &amp#27;[90m# features/Mentutor/mentor.feature:11&amp#27;[0m
20:09:50.772 [pool-2-thread-1] INFO  i.c.core.plugin.SerenityReporter - Running feature from classpath:features/Mentutor/mentor.feature
20:09:50.817 [pool-2-thread-1] INFO   - 
  _____   ___   ___   _____     ___   _____     _     ___   _____   ___   ___  
 |_   _| | __| / __| |_   _|   / __| |_   _|   /_\   | _ \ |_   _| | __| |   \ 
   | |   | _|  \__ \   | |     \__ \   | |    / _ \  |   /   | |   | _|  | |) |
   |_|   |___| |___/   |_|     |___/   |_|   /_/ \_\ |_|_\   |_|   |___| |___/ 

Get all task(mentor;get-all-task)
--------------------------------------------------------------------------------
  &amp#27;[32mGiven &amp#27;[0m&amp#27;[32mGet list task&amp#27;[0m                                  &amp#27;[90m# stepdef.MentorStepDef.getListTask()&amp#27;[0m
  &amp#27;[32mWhen &amp#27;[0m&amp#27;[32mSend request mentor get all task&amp#27;[0m                &amp#27;[90m# stepdef.MentorStepDef.sendRequestMentorGetAllTask()&amp#27;[0m
  &amp#27;[31mThen &amp#27;[0m&amp#27;[31mresponse code mentor should be &amp#27;[0m&amp#27;[31m&amp#27;[1m200&amp#27;[0m              &amp#27;[90m# stepdef.MentorStepDef.responseCodeMentorShouldBe(int)&amp#27;[0m
      &amp#27;[31mjava.lang.AssertionError: 1 expectation failed.
Expected status code <200> but was <201>.

	at sun.reflect.NativeConstructorAccessorImpl.newInstance0(Native Method)
	at sun.reflect.NativeConstructorAccessorImpl.newInstance(NativeConstructorAccessorImpl.java:62)
	at sun.reflect.DelegatingConstructorAccessorImpl.newInstance(DelegatingConstructorAccessorImpl.java:45)
	at java.lang.reflect.Constructor.newInstance(Constructor.java:423)
	at org.codehaus.groovy.reflection.CachedConstructor.invoke(CachedConstructor.java:72)
	at org.codehaus.groovy.reflection.CachedConstructor.doConstructorInvoke(CachedConstructor.java:59)
	at org.codehaus.groovy.runtime.callsite.ConstructorSite$ConstructorSiteNoUnwrap.callConstructor(ConstructorSite.java:84)
	at org.codehaus.groovy.runtime.callsite.CallSiteArray.defaultCallConstructor(CallSiteArray.java:59)
	at org.codehaus.groovy.runtime.callsite.AbstractCallSite.callConstructor(AbstractCallSite.java:263)
	at org.codehaus.groovy.runtime.callsite.AbstractCallSite.callConstructor(AbstractCallSite.java:277)
	at io.restassured.internal.ResponseSpecificationImpl$HamcrestAssertionClosure.validate(ResponseSpecificationImpl.groovy:493)
	at io.restassured.internal.ResponseSpecificationImpl$HamcrestAssertionClosure$validate$1.call(Unknown Source)
	at io.restassured.internal.ResponseSpecificationImpl.validateResponseIfRequired(ResponseSpecificationImpl.groovy:674)
	at sun.reflect.NativeMethodAccessorImpl.invoke0(Native Method)
	at sun.reflect.NativeMethodAccessorImpl.invoke(NativeMethodAccessorImpl.java:62)
	at sun.reflect.DelegatingMethodAccessorImpl.invoke(DelegatingMethodAccessorImpl.java:43)
	at java.lang.reflect.Method.invoke(Method.java:498)
	at org.codehaus.groovy.runtime.callsite.PlainObjectMetaMethodSite.doInvoke(PlainObjectMetaMethodSite.java:43)
	at org.codehaus.groovy.runtime.callsite.PogoMetaMethodSite$PogoCachedMethodSiteNoUnwrapNoCoerce.invoke(PogoMetaMethodSite.java:193)
	at org.codehaus.groovy.runtime.callsite.PogoMetaMethodSite.callCurrent(PogoMetaMethodSite.java:61)
	at org.codehaus.groovy.runtime.callsite.CallSiteArray.defaultCallCurrent(CallSiteArray.java:51)
	at org.codehaus.groovy.runtime.callsite.AbstractCallSite.callCurrent(AbstractCallSite.java:171)
	at org.codehaus.groovy.runtime.callsite.AbstractCallSite.callCurrent(AbstractCallSite.java:185)
	at io.restassured.internal.ResponseSpecificationImpl.statusCode(ResponseSpecificationImpl.groovy:126)
	at io.restassured.specification.ResponseSpecification$statusCode$0.callCurrent(Unknown Source)
	at org.codehaus.groovy.runtime.callsite.CallSiteArray.defaultCallCurrent(CallSiteArray.java:51)
	at org.codehaus.groovy.runtime.callsite.AbstractCallSite.callCurrent(AbstractCallSite.java:171)
	at org.codehaus.groovy.runtime.callsite.AbstractCallSite.callCurrent(AbstractCallSite.java:185)
	at io.restassured.internal.ResponseSpecificationImpl.statusCode(ResponseSpecificationImpl.groovy:134)
	at io.restassured.internal.ValidatableResponseOptionsImpl.statusCode(ValidatableResponseOptionsImpl.java:89)
	at io.restassured.internal.ValidatableResponseImpl.super$2$statusCode(ValidatableResponseImpl.groovy)
	at sun.reflect.NativeMethodAccessorImpl.invoke0(Native Method)
	at sun.reflect.NativeMethodAccessorImpl.invoke(NativeMethodAccessorImpl.java:62)
	at sun.reflect.DelegatingMethodAccessorImpl.invoke(DelegatingMethodAccessorImpl.java:43)
	at java.lang.reflect.Method.invoke(Method.java:498)
	at org.codehaus.groovy.reflection.CachedMethod.invoke(CachedMethod.java:107)
	at groovy.lang.MetaMethod.doMethodInvoke(MetaMethod.java:323)
	at groovy.lang.MetaClassImpl.invokeMethod(MetaClassImpl.java:1267)
	at org.codehaus.groovy.runtime.ScriptBytecodeAdapter.invokeMethodOnSuperN(ScriptBytecodeAdapter.java:144)
	at io.restassured.internal.ValidatableResponseImpl.statusCode(ValidatableResponseImpl.groovy:142)
	at io.restassured.internal.ValidatableResponseImpl.statusCode(ValidatableResponseImpl.groovy)
	at stepdef.MentorStepDef.responseCodeMentorShouldBe(MentorStepDef.java:185)
	at âœ½.response code mentor should be 200(classpath:features/Mentutor/mentor.feature:14)
&amp#27;[0m
  &amp#27;[36mAnd &amp#27;[0m&amp#27;[36mValidate JSON Schema &amp#27;[0m&amp#27;[36m&amp#27;[1m"GetAllTaskJsonSchema.json"&amp#27;[0m &amp#27;[90m# stepdef.MentorStepDef.validateJSONSchema(java.lang.String)&amp#27;[0m
]]></system-out>
  </testcase>
  <testcase name="Get all task with valid query param" classname="mentor" time="4.493">
    <failure message="1 expectation failed.&#10;Expected status code &lt;200&gt; but was &lt;201&gt;.&#10;" type="java.lang.AssertionError"><![CDATA[java.lang.AssertionError: 
1 expectation failed.
Expected status code <200> but was <201>.

]]></failure>
    <system-out><![CDATA[
@MENTUTOR
Scenario: Get all task with valid query param      &amp#27;[90m# features/Mentutor/mentor.feature:17&amp#27;[0m
20:09:55.684 [pool-2-thread-1] INFO  i.c.core.plugin.SerenityReporter - Running feature from classpath:features/Mentutor/mentor.feature
20:09:55.686 [pool-2-thread-1] INFO   - 
  _____   ___   ___   _____     ___   _____     _     ___   _____   ___   ___  
 |_   _| | __| / __| |_   _|   / __| |_   _|   /_\   | _ \ |_   _| | __| |   \ 
   | |   | _|  \__ \   | |     \__ \   | |    / _ \  |   /   | |   | _|  | |) |
   |_|   |___| |___/   |_|     |___/   |_|   /_/ \_\ |_|_\   |_|   |___| |___/ 

Get all task with valid query param(mentor;get-all-task-with-valid-query-param)
--------------------------------------------------------------------------------
  &amp#27;[32mGiven &amp#27;[0m&amp#27;[32mget list user query params title &amp#27;[0m&amp#27;[32m&amp#27;[1m"biologi"&amp#27;[0m &amp#27;[90m# stepdef.MentorStepDef.getListUserQueryParamsTitle(java.lang.String)&amp#27;[0m
  &amp#27;[32mWhen &amp#27;[0m&amp#27;[32mSend request Get list task with param&amp#27;[0m       &amp#27;[90m# stepdef.MentorStepDef.sendRequestGetListTaskWithParam()&amp#27;[0m
  &amp#27;[31mThen &amp#27;[0m&amp#27;[31mresponse code mentor should be &amp#27;[0m&amp#27;[31m&amp#27;[1m200&amp#27;[0m          &amp#27;[90m# stepdef.MentorStepDef.responseCodeMentorShouldBe(int)&amp#27;[0m
      &amp#27;[31mjava.lang.AssertionError: 1 expectation failed.
Expected status code <200> but was <201>.

	at sun.reflect.NativeConstructorAccessorImpl.newInstance0(Native Method)
	at sun.reflect.NativeConstructorAccessorImpl.newInstance(NativeConstructorAccessorImpl.java:62)
	at sun.reflect.DelegatingConstructorAccessorImpl.newInstance(DelegatingConstructorAccessorImpl.java:45)
	at java.lang.reflect.Constructor.newInstance(Constructor.java:423)
	at org.codehaus.groovy.reflection.CachedConstructor.invoke(CachedConstructor.java:72)
	at org.codehaus.groovy.reflection.CachedConstructor.doConstructorInvoke(CachedConstructor.java:59)
	at org.codehaus.groovy.runtime.callsite.ConstructorSite$ConstructorSiteNoUnwrap.callConstructor(ConstructorSite.java:84)
	at org.codehaus.groovy.runtime.callsite.AbstractCallSite.callConstructor(AbstractCallSite.java:277)
	at io.restassured.internal.ResponseSpecificationImpl$HamcrestAssertionClosure.validate(ResponseSpecificationImpl.groovy:493)
	at io.restassured.internal.ResponseSpecificationImpl$HamcrestAssertionClosure$validate$1.call(Unknown Source)
	at io.restassured.internal.ResponseSpecificationImpl.validateResponseIfRequired(ResponseSpecificationImpl.groovy:674)
	at sun.reflect.NativeMethodAccessorImpl.invoke0(Native Method)
	at sun.reflect.NativeMethodAccessorImpl.invoke(NativeMethodAccessorImpl.java:62)
	at sun.reflect.DelegatingMethodAccessorImpl.invoke(DelegatingMethodAccessorImpl.java:43)
	at java.lang.reflect.Method.invoke(Method.java:498)
	at org.codehaus.groovy.runtime.callsite.PlainObjectMetaMethodSite.doInvoke(PlainObjectMetaMethodSite.java:43)
	at org.codehaus.groovy.runtime.callsite.PogoMetaMethodSite$PogoCachedMethodSiteNoUnwrapNoCoerce.invoke(PogoMetaMethodSite.java:193)
	at org.codehaus.groovy.runtime.callsite.PogoMetaMethodSite.callCurrent(PogoMetaMethodSite.java:61)
	at org.codehaus.groovy.runtime.callsite.AbstractCallSite.callCurrent(AbstractCallSite.java:185)
	at io.restassured.internal.ResponseSpecificationImpl.statusCode(ResponseSpecificationImpl.groovy:126)
	at io.restassured.specification.ResponseSpecification$statusCode$0.callCurrent(Unknown Source)
	at io.restassured.internal.ResponseSpecificationImpl.statusCode(ResponseSpecificationImpl.groovy:134)
	at io.restassured.internal.ValidatableResponseOptionsImpl.statusCode(ValidatableResponseOptionsImpl.java:89)
	at io.restassured.internal.ValidatableResponseImpl.super$2$statusCode(ValidatableResponseImpl.groovy)
	at sun.reflect.NativeMethodAccessorImpl.invoke0(Native Method)
	at sun.reflect.NativeMethodAccessorImpl.invoke(NativeMethodAccessorImpl.java:62)
	at sun.reflect.DelegatingMethodAccessorImpl.invoke(DelegatingMethodAccessorImpl.java:43)
	at java.lang.reflect.Method.invoke(Method.java:498)
	at org.codehaus.groovy.reflection.CachedMethod.invoke(CachedMethod.java:107)
	at groovy.lang.MetaMethod.doMethodInvoke(MetaMethod.java:323)
	at groovy.lang.MetaClassImpl.invokeMethod(MetaClassImpl.java:1267)
	at org.codehaus.groovy.runtime.ScriptBytecodeAdapter.invokeMethodOnSuperN(ScriptBytecodeAdapter.java:144)
	at io.restassured.internal.ValidatableResponseImpl.statusCode(ValidatableResponseImpl.groovy:142)
	at io.restassured.internal.ValidatableResponseImpl.statusCode(ValidatableResponseImpl.groovy)
	at stepdef.MentorStepDef.responseCodeMentorShouldBe(MentorStepDef.java:185)
	at âœ½.response code mentor should be 200(classpath:features/Mentutor/mentor.feature:20)
&amp#27;[0m
]]></system-out>
  </testcase>
  <testcase name="Get all task with invalid query param" classname="mentor" time="2.318">
    <failure message="1 expectation failed.&#10;Expected status code &lt;400&gt; but was &lt;201&gt;.&#10;" type="java.lang.AssertionError"><![CDATA[java.lang.AssertionError: 
1 expectation failed.
Expected status code <400> but was <201>.

]]></failure>
    <system-out><![CDATA[
@MENTUTOR
Scenario: Get all task with invalid query param &amp#27;[90m# features/Mentutor/mentor.feature:22&amp#27;[0m
20:10:00.178 [pool-2-thread-1] INFO  i.c.core.plugin.SerenityReporter - Running feature from classpath:features/Mentutor/mentor.feature
20:10:00.179 [pool-2-thread-1] INFO   - 
  _____   ___   ___   _____     ___   _____     _     ___   _____   ___   ___  
 |_   _| | __| / __| |_   _|   / __| |_   _|   /_\   | _ \ |_   _| | __| |   \ 
   | |   | _|  \__ \   | |     \__ \   | |    / _ \  |   /   | |   | _|  | |) |
   |_|   |___| |___/   |_|     |___/   |_|   /_/ \_\ |_|_\   |_|   |___| |___/ 

Get all task with invalid query param(mentor;get-all-task-with-invalid-query-param)
--------------------------------------------------------------------------------
  &amp#27;[32mGiven &amp#27;[0m&amp#27;[32mget list user query params title &amp#27;[0m&amp#27;[32m&amp#27;[1m"nama"&amp#27;[0m &amp#27;[90m# stepdef.MentorStepDef.getListUserQueryParamsTitle(java.lang.String)&amp#27;[0m
  &amp#27;[32mWhen &amp#27;[0m&amp#27;[32mGet all task with invalid query param&amp#27;[0m    &amp#27;[90m# stepdef.MentorStepDef.getAllTaskWithInvalidQueryParam()&amp#27;[0m
  &amp#27;[31mThen &amp#27;[0m&amp#27;[31mresponse code mentor should be &amp#27;[0m&amp#27;[31m&amp#27;[1m400&amp#27;[0m       &amp#27;[90m# stepdef.MentorStepDef.responseCodeMentorShouldBe(int)&amp#27;[0m
      &amp#27;[31mjava.lang.AssertionError: 1 expectation failed.
Expected status code <400> but was <201>.

	at sun.reflect.NativeConstructorAccessorImpl.newInstance0(Native Method)
	at sun.reflect.NativeConstructorAccessorImpl.newInstance(NativeConstructorAccessorImpl.java:62)
	at sun.reflect.DelegatingConstructorAccessorImpl.newInstance(DelegatingConstructorAccessorImpl.java:45)
	at java.lang.reflect.Constructor.newInstance(Constructor.java:423)
	at org.codehaus.groovy.reflection.CachedConstructor.invoke(CachedConstructor.java:72)
	at org.codehaus.groovy.reflection.CachedConstructor.doConstructorInvoke(CachedConstructor.java:59)
	at org.codehaus.groovy.runtime.callsite.ConstructorSite$ConstructorSiteNoUnwrap.callConstructor(ConstructorSite.java:84)
	at org.codehaus.groovy.runtime.callsite.AbstractCallSite.callConstructor(AbstractCallSite.java:277)
	at io.restassured.internal.ResponseSpecificationImpl$HamcrestAssertionClosure.validate(ResponseSpecificationImpl.groovy:493)
	at io.restassured.internal.ResponseSpecificationImpl$HamcrestAssertionClosure$validate$1.call(Unknown Source)
	at io.restassured.internal.ResponseSpecificationImpl.validateResponseIfRequired(ResponseSpecificationImpl.groovy:674)
	at sun.reflect.NativeMethodAccessorImpl.invoke0(Native Method)
	at sun.reflect.NativeMethodAccessorImpl.invoke(NativeMethodAccessorImpl.java:62)
	at sun.reflect.DelegatingMethodAccessorImpl.invoke(DelegatingMethodAccessorImpl.java:43)
	at java.lang.reflect.Method.invoke(Method.java:498)
	at org.codehaus.groovy.runtime.callsite.PlainObjectMetaMethodSite.doInvoke(PlainObjectMetaMethodSite.java:43)
	at org.codehaus.groovy.runtime.callsite.PogoMetaMethodSite$PogoCachedMethodSiteNoUnwrapNoCoerce.invoke(PogoMetaMethodSite.java:193)
	at org.codehaus.groovy.runtime.callsite.PogoMetaMethodSite.callCurrent(PogoMetaMethodSite.java:61)
	at org.codehaus.groovy.runtime.callsite.AbstractCallSite.callCurrent(AbstractCallSite.java:185)
	at io.restassured.internal.ResponseSpecificationImpl.statusCode(ResponseSpecificationImpl.groovy:126)
	at io.restassured.specification.ResponseSpecification$statusCode$0.callCurrent(Unknown Source)
	at io.restassured.internal.ResponseSpecificationImpl.statusCode(ResponseSpecificationImpl.groovy:134)
	at io.restassured.internal.ValidatableResponseOptionsImpl.statusCode(ValidatableResponseOptionsImpl.java:89)
	at io.restassured.internal.ValidatableResponseImpl.super$2$statusCode(ValidatableResponseImpl.groovy)
	at sun.reflect.NativeMethodAccessorImpl.invoke0(Native Method)
	at sun.reflect.NativeMethodAccessorImpl.invoke(NativeMethodAccessorImpl.java:62)
	at sun.reflect.DelegatingMethodAccessorImpl.invoke(DelegatingMethodAccessorImpl.java:43)
	at java.lang.reflect.Method.invoke(Method.java:498)
	at org.codehaus.groovy.reflection.CachedMethod.invoke(CachedMethod.java:107)
	at groovy.lang.MetaMethod.doMethodInvoke(MetaMethod.java:323)
	at groovy.lang.MetaClassImpl.invokeMethod(MetaClassImpl.java:1267)
	at org.codehaus.groovy.runtime.ScriptBytecodeAdapter.invokeMethodOnSuperN(ScriptBytecodeAdapter.java:144)
	at io.restassured.internal.ValidatableResponseImpl.statusCode(ValidatableResponseImpl.groovy:142)
	at io.restassured.internal.ValidatableResponseImpl.statusCode(ValidatableResponseImpl.groovy)
	at stepdef.MentorStepDef.responseCodeMentorShouldBe(MentorStepDef.java:185)
	at âœ½.response code mentor should be 400(classpath:features/Mentutor/mentor.feature:25)
&amp#27;[0m
]]></system-out>
  </testcase>
  <testcase name="Get task detail with valid id" classname="mentor" time="2.766">
    <failure message="1 expectation failed.&#10;Expected status code &lt;200&gt; but was &lt;201&gt;.&#10;" type="java.lang.AssertionError"><![CDATA[java.lang.AssertionError: 
1 expectation failed.
Expected status code <200> but was <201>.

]]></failure>
    <system-out><![CDATA[
@MENTUTOR
Scenario: Get task detail with valid id                      &amp#27;[90m# features/Mentutor/mentor.feature:33&amp#27;[0m
20:10:02.498 [pool-2-thread-1] INFO  i.c.core.plugin.SerenityReporter - Running feature from classpath:features/Mentutor/mentor.feature
20:10:02.499 [pool-2-thread-1] INFO   - 
  _____   ___   ___   _____     ___   _____     _     ___   _____   ___   ___  
 |_   _| | __| / __| |_   _|   / __| |_   _|   /_\   | _ \ |_   _| | __| |   \ 
   | |   | _|  \__ \   | |     \__ \   | |    / _ \  |   /   | |   | _|  | |) |
   |_|   |___| |___/   |_|     |___/   |_|   /_/ \_\ |_|_\   |_|   |___| |___/ 

Get task detail with valid id(mentor;get-task-detail-with-valid-id)
--------------------------------------------------------------------------------
  &amp#27;[32mGiven &amp#27;[0m&amp#27;[32mget task with valid id &amp#27;[0m&amp#27;[32m&amp#27;[1m1&amp#27;[0m                             &amp#27;[90m# stepdef.MentorStepDef.getTaskWithValidId(int)&amp#27;[0m
  &amp#27;[32mWhen &amp#27;[0m&amp#27;[32msend request Get task detail with valid id&amp#27;[0m            &amp#27;[90m# stepdef.MentorStepDef.sendRequestGetTaskDetailWithValidId()&amp#27;[0m
  &amp#27;[31mThen &amp#27;[0m&amp#27;[31mresponse code mentor should be &amp#27;[0m&amp#27;[31m&amp#27;[1m200&amp#27;[0m                    &amp#27;[90m# stepdef.MentorStepDef.responseCodeMentorShouldBe(int)&amp#27;[0m
      &amp#27;[31mjava.lang.AssertionError: 1 expectation failed.
Expected status code <200> but was <201>.

	at sun.reflect.NativeConstructorAccessorImpl.newInstance0(Native Method)
	at sun.reflect.NativeConstructorAccessorImpl.newInstance(NativeConstructorAccessorImpl.java:62)
	at sun.reflect.DelegatingConstructorAccessorImpl.newInstance(DelegatingConstructorAccessorImpl.java:45)
	at java.lang.reflect.Constructor.newInstance(Constructor.java:423)
	at org.codehaus.groovy.reflection.CachedConstructor.invoke(CachedConstructor.java:72)
	at org.codehaus.groovy.reflection.CachedConstructor.doConstructorInvoke(CachedConstructor.java:59)
	at org.codehaus.groovy.runtime.callsite.ConstructorSite$ConstructorSiteNoUnwrap.callConstructor(ConstructorSite.java:84)
	at org.codehaus.groovy.runtime.callsite.AbstractCallSite.callConstructor(AbstractCallSite.java:277)
	at io.restassured.internal.ResponseSpecificationImpl$HamcrestAssertionClosure.validate(ResponseSpecificationImpl.groovy:493)
	at io.restassured.internal.ResponseSpecificationImpl$HamcrestAssertionClosure$validate$1.call(Unknown Source)
	at io.restassured.internal.ResponseSpecificationImpl.validateResponseIfRequired(ResponseSpecificationImpl.groovy:674)
	at sun.reflect.NativeMethodAccessorImpl.invoke0(Native Method)
	at sun.reflect.NativeMethodAccessorImpl.invoke(NativeMethodAccessorImpl.java:62)
	at sun.reflect.DelegatingMethodAccessorImpl.invoke(DelegatingMethodAccessorImpl.java:43)
	at java.lang.reflect.Method.invoke(Method.java:498)
	at org.codehaus.groovy.runtime.callsite.PlainObjectMetaMethodSite.doInvoke(PlainObjectMetaMethodSite.java:43)
	at org.codehaus.groovy.runtime.callsite.PogoMetaMethodSite$PogoCachedMethodSiteNoUnwrapNoCoerce.invoke(PogoMetaMethodSite.java:193)
	at org.codehaus.groovy.runtime.callsite.PogoMetaMethodSite.callCurrent(PogoMetaMethodSite.java:61)
	at org.codehaus.groovy.runtime.callsite.AbstractCallSite.callCurrent(AbstractCallSite.java:185)
	at io.restassured.internal.ResponseSpecificationImpl.statusCode(ResponseSpecificationImpl.groovy:126)
	at io.restassured.specification.ResponseSpecification$statusCode$0.callCurrent(Unknown Source)
	at io.restassured.internal.ResponseSpecificationImpl.statusCode(ResponseSpecificationImpl.groovy:134)
	at io.restassured.internal.ValidatableResponseOptionsImpl.statusCode(ValidatableResponseOptionsImpl.java:89)
	at io.restassured.internal.ValidatableResponseImpl.super$2$statusCode(ValidatableResponseImpl.groovy)
	at sun.reflect.NativeMethodAccessorImpl.invoke0(Native Method)
	at sun.reflect.NativeMethodAccessorImpl.invoke(NativeMethodAccessorImpl.java:62)
	at sun.reflect.DelegatingMethodAccessorImpl.invoke(DelegatingMethodAccessorImpl.java:43)
	at java.lang.reflect.Method.invoke(Method.java:498)
	at org.codehaus.groovy.reflection.CachedMethod.invoke(CachedMethod.java:107)
	at groovy.lang.MetaMethod.doMethodInvoke(MetaMethod.java:323)
	at groovy.lang.MetaClassImpl.invokeMethod(MetaClassImpl.java:1267)
	at org.codehaus.groovy.runtime.ScriptBytecodeAdapter.invokeMethodOnSuperN(ScriptBytecodeAdapter.java:144)
	at io.restassured.internal.ValidatableResponseImpl.statusCode(ValidatableResponseImpl.groovy:142)
	at io.restassured.internal.ValidatableResponseImpl.statusCode(ValidatableResponseImpl.groovy)
	at stepdef.MentorStepDef.responseCodeMentorShouldBe(MentorStepDef.java:185)
	at âœ½.response code mentor should be 200(classpath:features/Mentutor/mentor.feature:36)
&amp#27;[0m
  &amp#27;[36mAnd &amp#27;[0m&amp#27;[36mResponses body should be &amp#27;[0m&amp#27;[36m&amp#27;[1m"success get single task"&amp#27;[0m     &amp#27;[90m# stepdef.MentorStepDef.responsesBodyShouldBe(java.lang.String)&amp#27;[0m
  &amp#27;[36mAnd &amp#27;[0m&amp#27;[36mValidate JSON Schema &amp#27;[0m&amp#27;[36m&amp#27;[1m"GetDetailValidIdJsonSchema.json"&amp#27;[0m &amp#27;[90m# stepdef.MentorStepDef.validateJSONSchema(java.lang.String)&amp#27;[0m
]]></system-out>
  </testcase>
  <testcase name="Get task detail using special char on id" classname="mentor" time="2.791">
    <system-out><![CDATA[
@MENTUTOR
Scenario: Get task detail using special char on id                     &amp#27;[90m# features/Mentutor/mentor.feature:40&amp#27;[0m
20:10:05.266 [pool-2-thread-1] INFO  i.c.core.plugin.SerenityReporter - Running feature from classpath:features/Mentutor/mentor.feature
20:10:05.267 [pool-2-thread-1] INFO   - 
  _____   ___   ___   _____     ___   _____     _     ___   _____   ___   ___  
 |_   _| | __| / __| |_   _|   / __| |_   _|   /_\   | _ \ |_   _| | __| |   \ 
   | |   | _|  \__ \   | |     \__ \   | |    / _ \  |   /   | |   | _|  | |) |
   |_|   |___| |___/   |_|     |___/   |_|   /_/ \_\ |_|_\   |_|   |___| |___/ 

Get task detail using special char on id(mentor;get-task-detail-using-special-char-on-id)
--------------------------------------------------------------------------------
  &amp#27;[32mGiven &amp#27;[0m&amp#27;[32mGet task detail using special char on id &amp#27;[0m&amp#27;[32m&amp#27;[1m"&%$"&amp#27;[0m                 &amp#27;[90m# stepdef.MentorStepDef.getTaskDetailUsingSpecialCharOnId(java.lang.String)&amp#27;[0m
  &amp#27;[32mWhen &amp#27;[0m&amp#27;[32msend request Get task detail using special char on id&amp#27;[0m           &amp#27;[90m# stepdef.MentorStepDef.sendRequestGetTaskDetailUsingSpecialCharOnId()&amp#27;[0m
  &amp#27;[32mThen &amp#27;[0m&amp#27;[32mresponse code mentor should be &amp#27;[0m&amp#27;[32m&amp#27;[1m404&amp#27;[0m                              &amp#27;[90m# stepdef.MentorStepDef.responseCodeMentorShouldBe(int)&amp#27;[0m
  &amp#27;[32mAnd &amp#27;[0m&amp#27;[32mResponses body message error should be &amp#27;[0m&amp#27;[32m&amp#27;[1m"Task not found"&amp#27;[0m          &amp#27;[90m# stepdef.MentorStepDef.responsesBodyMessageErrorShouldBe(java.lang.String)&amp#27;[0m
  &amp#27;[32mAnd &amp#27;[0m&amp#27;[32mValidate JSON Schema &amp#27;[0m&amp#27;[32m&amp#27;[1m"GetTaskDetailSpecialCharIdJsonSchema.json"&amp#27;[0m &amp#27;[90m# stepdef.MentorStepDef.validateJSONSchema(java.lang.String)&amp#27;[0m
20:10:08.052 [pool-2-thread-1] INFO   - 
  _____   ___   ___   _____     ___     _     ___   ___   ___   ___  
 |_   _| | __| / __| |_   _|   | _ \   /_\   / __| / __| | __| |   \ 
   | |   | _|  \__ \   | |     |  _/  / _ \  \__ \ \__ \ | _|  | |) |
   |_|   |___| |___/   |_|     |_|   /_/ \_\ |___/ |___/ |___| |___/ 

Get task detail using special char on id
----------------------------------------------------------------------
]]></system-out>
  </testcase>
  <testcase name="Get task detail with doesn&apos;t exist id" classname="mentor" time="2.539">
    <system-out><![CDATA[
@MENTUTOR
Scenario: Get task detail with doesn't exist id                           &amp#27;[90m# features/Mentutor/mentor.feature:47&amp#27;[0m
20:10:08.060 [pool-2-thread-1] INFO  i.c.core.plugin.SerenityReporter - Running feature from classpath:features/Mentutor/mentor.feature
20:10:08.062 [pool-2-thread-1] INFO   - 
  _____   ___   ___   _____     ___   _____     _     ___   _____   ___   ___  
 |_   _| | __| / __| |_   _|   / __| |_   _|   /_\   | _ \ |_   _| | __| |   \ 
   | |   | _|  \__ \   | |     \__ \   | |    / _ \  |   /   | |   | _|  | |) |
   |_|   |___| |___/   |_|     |___/   |_|   /_/ \_\ |_|_\   |_|   |___| |___/ 

Get task detail with doesn't exist id(mentor;get-task-detail-with-doesn-t-exist-id)
--------------------------------------------------------------------------------
  &amp#27;[32mGiven &amp#27;[0m&amp#27;[32mGet task detail with doesn't exist id &amp#27;[0m&amp#27;[32m&amp#27;[1m23&amp#27;[0m                          &amp#27;[90m# stepdef.MentorStepDef.getTaskDetailWithDoesnTExistId(int)&amp#27;[0m
  &amp#27;[32mWhen &amp#27;[0m&amp#27;[32msend request Get task detail with doesn't exist id&amp#27;[0m                 &amp#27;[90m# stepdef.MentorStepDef.sendRequestGetTaskDetailWithDoesnTExistId()&amp#27;[0m
  &amp#27;[32mThen &amp#27;[0m&amp#27;[32mresponse code mentor should be &amp#27;[0m&amp#27;[32m&amp#27;[1m404&amp#27;[0m                                 &amp#27;[90m# stepdef.MentorStepDef.responseCodeMentorShouldBe(int)&amp#27;[0m
  &amp#27;[32mAnd &amp#27;[0m&amp#27;[32mResponses body message error should be &amp#27;[0m&amp#27;[32m&amp#27;[1m"Task not found"&amp#27;[0m             &amp#27;[90m# stepdef.MentorStepDef.responsesBodyMessageErrorShouldBe(java.lang.String)&amp#27;[0m
  &amp#27;[32mAnd &amp#27;[0m&amp#27;[32mValidate JSON Schema &amp#27;[0m&amp#27;[32m&amp#27;[1m"MentorGetDetailDoesn'tExistIdJsonSchema.json"&amp#27;[0m &amp#27;[90m# stepdef.MentorStepDef.validateJSONSchema(java.lang.String)&amp#27;[0m
20:10:10.592 [pool-2-thread-1] INFO   - 
  _____   ___   ___   _____     ___     _     ___   ___   ___   ___  
 |_   _| | __| / __| |_   _|   | _ \   /_\   / __| / __| | __| |   \ 
   | |   | _|  \__ \   | |     |  _/  / _ \  \__ \ \__ \ | _|  | |) |
   |_|   |___| |___/   |_|     |_|   /_/ \_\ |___/ |___/ |___| |___/ 

Get task detail with doesn't exist id
----------------------------------------------------------------------
]]></system-out>
  </testcase>
  <testcase name="Get task detail using alphabeth on id" classname="mentor" time="2.863">
    <system-out><![CDATA[
@MENTUTOR
Scenario: Get task detail using alphabeth on id                          &amp#27;[90m# features/Mentutor/mentor.feature:54&amp#27;[0m
20:10:10.596 [pool-2-thread-1] INFO  i.c.core.plugin.SerenityReporter - Running feature from classpath:features/Mentutor/mentor.feature
20:10:10.597 [pool-2-thread-1] INFO   - 
  _____   ___   ___   _____     ___   _____     _     ___   _____   ___   ___  
 |_   _| | __| / __| |_   _|   / __| |_   _|   /_\   | _ \ |_   _| | __| |   \ 
   | |   | _|  \__ \   | |     \__ \   | |    / _ \  |   /   | |   | _|  | |) |
   |_|   |___| |___/   |_|     |___/   |_|   /_/ \_\ |_|_\   |_|   |___| |___/ 

Get task detail using alphabeth on id(mentor;get-task-detail-using-alphabeth-on-id)
--------------------------------------------------------------------------------
  &amp#27;[32mGiven &amp#27;[0m&amp#27;[32mGet task detail using alphabeth on id &amp#27;[0m&amp#27;[32m&amp#27;[1m"lima"&amp#27;[0m                     &amp#27;[90m# stepdef.MentorStepDef.getTaskDetailUsingAlphabethOnId(java.lang.String)&amp#27;[0m
  &amp#27;[32mWhen &amp#27;[0m&amp#27;[32msend request Get task detail using alphabeth on id&amp#27;[0m                &amp#27;[90m# stepdef.MentorStepDef.sendRequestGetTaskDetailUsingAlphabethOnId()&amp#27;[0m
  &amp#27;[32mThen &amp#27;[0m&amp#27;[32mresponse code mentor should be &amp#27;[0m&amp#27;[32m&amp#27;[1m404&amp#27;[0m                                &amp#27;[90m# stepdef.MentorStepDef.responseCodeMentorShouldBe(int)&amp#27;[0m
  &amp#27;[32mAnd &amp#27;[0m&amp#27;[32mResponses body message error should be &amp#27;[0m&amp#27;[32m&amp#27;[1m"Task not found"&amp#27;[0m            &amp#27;[90m# stepdef.MentorStepDef.responsesBodyMessageErrorShouldBe(java.lang.String)&amp#27;[0m
  &amp#27;[32mAnd &amp#27;[0m&amp#27;[32mValidate JSON Schema &amp#27;[0m&amp#27;[32m&amp#27;[1m"MentorGetDetailAlphabethOnIdJsonSchema.json"&amp#27;[0m &amp#27;[90m# stepdef.MentorStepDef.validateJSONSchema(java.lang.String)&amp#27;[0m
20:10:13.455 [pool-2-thread-1] INFO   - 
  _____   ___   ___   _____     ___     _     ___   ___   ___   ___  
 |_   _| | __| / __| |_   _|   | _ \   /_\   / __| / __| | __| |   \ 
   | |   | _|  \__ \   | |     |  _/  / _ \  \__ \ \__ \ | _|  | |) |
   |_|   |___| |___/   |_|     |_|   /_/ \_\ |___/ |___/ |___| |___/ 

Get task detail using alphabeth on id
----------------------------------------------------------------------
]]></system-out>
  </testcase>
  <testcase name="Put update profile mentor with valid name" classname="mentor" time="4.175">
    <system-out><![CDATA[
@MENTUTOR
Scenario: Put update profile mentor with valid name                                                                       &amp#27;[90m# features/Mentutor/mentor.feature:66&amp#27;[0m
20:10:13.459 [pool-2-thread-1] INFO  i.c.core.plugin.SerenityReporter - Running feature from classpath:features/Mentutor/mentor.feature
20:10:13.460 [pool-2-thread-1] INFO   - 
  _____   ___   ___   _____     ___   _____     _     ___   _____   ___   ___  
 |_   _| | __| / __| |_   _|   / __| |_   _|   /_\   | _ \ |_   _| | __| |   \ 
   | |   | _|  \__ \   | |     \__ \   | |    / _ \  |   /   | |   | _|  | |) |
   |_|   |___| |___/   |_|     |___/   |_|   /_/ \_\ |_|_\   |_|   |___| |___/ 

Put update profile mentor with valid name(mentor;put-update-profile-mentor-with-valid-name)
--------------------------------------------------------------------------------
[...]
  &amp#27;[32mThen &amp#27;[0m&amp#27;[32mresponse code mentor should be &amp#27;[0m&amp#27;[32m&amp#27;[1m400&amp#27;[0m                                                      &amp#27;[90m# stepdef.MentorStepDef.responseCodeMentorShouldBe(int)&amp#27;[0m
  &amp#27;[32mAnd &amp#27;[0m&amp#27;[32mResponses body message error should be &amp#27;[0m&amp#27;[32m&amp#27;[1m"Invalid Input From Client"&amp#27;[0m                       &amp#27;[90m# stepdef.MentorStepDef.responsesBodyMessageErrorShouldBe(java.lang.String)&amp#27;[0m
  &amp#27;[32mAnd &amp#27;[0m&amp#27;[32mValidate JSON Schema &amp#27;[0m&amp#27;[32m&amp#27;[1m"MentorPostSubmitScoreValidIdInvalidIdTaskScoreBodyJsonSchema.json"&amp#27;[0m &amp#27;[90m# stepdef.MentorStepDef.validateJSONSchema(java.lang.String)&amp#27;[0m
20:11:48.250 [pool-2-thread-1] INFO   - 
  _____   ___   ___   _____     ___     _     ___   ___   ___   ___  
 |_   _| | __| / __| |_   _|   | _ \   /_\   / __| / __| | __| |   \ 
   | |   | _|  \__ \   | |     |  _/  / _ \  \__ \ \__ \ | _|  | |) |
   |_|   |___| |___/   |_|     |_|   /_/ \_\ |___/ |___/ |___| |___/ 

Post submission with using alphabeth on id submission and valid score
----------------------------------------------------------------------
]]></system-out>
  </testcase>
  <testcase name="Post submission with valid id task and invalid score" classname="mentor" time="2.162">
    <system-out><![CDATA[
@MENTUTOR
Scenario: Post submission with valid id task and invalid score                                 &amp#27;[90m# features/Mentutor/mentor.feature:274&amp#27;[0m
20:11:48.253 [pool-2-thread-1] INFO  i.c.core.plugin.SerenityReporter - Running feature from classpath:features/Mentutor/mentor.feature
20:11:48.254 [pool-2-thread-1] INFO   - 
  _____   ___   ___   _____     ___   _____     _     ___   _____   ___   ___  
 |_   _| | __| / __| |_   _|   / __| |_   _|   /_\   | _ \ |_   _| | __| |   \ 
   | |   | _|  \__ \   | |     \__ \   | |    / _ \  |   /   | |   | _|  | |) |
   |_|   |___| |___/   |_|     |___/   |_|   /_/ \_\ |_|_\   |_|   |___| |___/ 

Post submission with valid id task and invalid score(mentor;post-submission-with-valid-id-task-and-invalid-score)
--------------------------------------------------------------------------------
  &amp#27;[32mGiven &amp#27;[0m&amp#27;[32mPost submission with id submission &amp#27;[0m&amp#27;[32m&amp#27;[1m30&amp#27;[0m&amp#27;[32m id task &amp#27;[0m&amp#27;[32m&amp#27;[1m123&amp#27;[0m&amp#27;[32m and score &amp#27;[0m&amp#27;[32m&amp#27;[1m"lima"&amp#27;[0m                     &amp#27;[90m# stepdef.MentorStepDef.postSubmissionWithIdSubmissionIdTaskAndScore(int,int,java.lang.String)&amp#27;[0m
  &amp#27;[32mWhen &amp#27;[0m&amp#27;[32mSend request Post submission&amp#27;[0m                                                            &amp#27;[90m# stepdef.MentorStepDef.sendRequestPostSubmission()&amp#27;[0m
  &amp#27;[32mThen &amp#27;[0m&amp#27;[32mresponse code mentor should be &amp#27;[0m&amp#27;[32m&amp#27;[1m400&amp#27;[0m                                                      &amp#27;[90m# stepdef.MentorStepDef.responseCodeMentorShouldBe(int)&amp#27;[0m
  &amp#27;[32mAnd &amp#27;[0m&amp#27;[32mResponses body message error should be &amp#27;[0m&amp#27;[32m&amp#27;[1m"Invalid Input From Client"&amp#27;[0m                       &amp#27;[90m# stepdef.MentorStepDef.responsesBodyMessageErrorShouldBe(java.lang.String)&amp#27;[0m
  &amp#27;[32mAnd &amp#27;[0m&amp#27;[32mValidate JSON Schema &amp#27;[0m&amp#27;[32m&amp#27;[1m"MentorPostSubmitScoreValidIdInvalidIdTaskScoreBodyJsonSchema.json"&amp#27;[0m &amp#27;[90m# stepdef.MentorStepDef.validateJSONSchema(java.lang.String)&amp#27;[0m
20:11:50.413 [pool-2-thread-1] INFO   - 
  _____   ___   ___   _____     ___     _     ___   ___   ___   ___  
 |_   _| | __| / __| |_   _|   | _ \   /_\   / __| / __| | __| |   \ 
   | |   | _|  \__ \   | |     |  _/  / _ \  \__ \ \__ \ | _|  | |) |
   |_|   |___| |___/   |_|     |_|   /_/ \_\ |___/ |___/ |___| |___/ 

Post submission with valid id task and invalid score
----------------------------------------------------------------------
]]></system-out>
  </testcase>
  <testcase name="Delete task with valid id" classname="mentor" time="5.656">
    <failure message="1 expectation failed.&#10;Expected status code &lt;200&gt; but was &lt;201&gt;.&#10;" type="java.lang.AssertionError"><![CDATA[java.lang.AssertionError: 
1 expectation failed.
Expected status code <200> but was <201>.

]]></failure>
    <system-out><![CDATA[
@MENTUTOR
Scenario: Delete task with valid id                                 &amp#27;[90m# features/Mentutor/mentor.feature:286&amp#27;[0m
20:11:50.416 [pool-2-thread-1] INFO  i.c.core.plugin.SerenityReporter - Running feature from classpath:features/Mentutor/mentor.feature
20:11:50.417 [pool-2-thread-1] INFO   - 
  _____   ___   ___   _____     ___   _____     _     ___   _____   ___   ___  
 |_   _| | __| / __| |_   _|   / __| |_   _|   /_\   | _ \ |_   _| | __| |   \ 
   | |   | _|  \__ \   | |     \__ \   | |    / _ \  |   /   | |   | _|  | |) |
   |_|   |___| |___/   |_|     |___/   |_|   /_/ \_\ |_|_\   |_|   |___| |___/ 

Delete task with valid id(mentor;delete-task-with-valid-id)
--------------------------------------------------------------------------------
  &amp#27;[32mGiven &amp#27;[0m&amp#27;[32mDelete task with id &amp#27;[0m&amp#27;[32m&amp#27;[1m18&amp#27;[0m                                      &amp#27;[90m# stepdef.MentorStepDef.deleteTaskWithValidId(int)&amp#27;[0m
  &amp#27;[32mWhen &amp#27;[0m&amp#27;[32mSend request delete task&amp#27;[0m                                     &amp#27;[90m# stepdef.MentorStepDef.sendRequestDeleteTask()&amp#27;[0m
  &amp#27;[31mThen &amp#27;[0m&amp#27;[31mresponse code mentor should be &amp#27;[0m&amp#27;[31m&amp#27;[1m200&amp#27;[0m                           &amp#27;[90m# stepdef.MentorStepDef.responseCodeMentorShouldBe(int)&amp#27;[0m
      &amp#27;[31mjava.lang.AssertionError: 1 expectation failed.
Expected status code <200> but was <201>.

	at sun.reflect.NativeConstructorAccessorImpl.newInstance0(Native Method)
	at sun.reflect.NativeConstructorAccessorImpl.newInstance(NativeConstructorAccessorImpl.java:62)
	at sun.reflect.DelegatingConstructorAccessorImpl.newInstance(DelegatingConstructorAccessorImpl.java:45)
	at java.lang.reflect.Constructor.newInstance(Constructor.java:423)
	at org.codehaus.groovy.reflection.CachedConstructor.invoke(CachedConstructor.java:72)
	at org.codehaus.groovy.reflection.CachedConstructor.doConstructorInvoke(CachedConstructor.java:59)
	at org.codehaus.groovy.runtime.callsite.ConstructorSite$ConstructorSiteNoUnwrap.callConstructor(ConstructorSite.java:84)
	at org.codehaus.groovy.runtime.callsite.AbstractCallSite.callConstructor(AbstractCallSite.java:277)
	at io.restassured.internal.ResponseSpecificationImpl$HamcrestAssertionClosure.validate(ResponseSpecificationImpl.groovy:493)
	at io.restassured.internal.ResponseSpecificationImpl$HamcrestAssertionClosure$validate$1.call(Unknown Source)
	at io.restassured.internal.ResponseSpecificationImpl.validateResponseIfRequired(ResponseSpecificationImpl.groovy:674)
	at sun.reflect.GeneratedMethodAccessor89.invoke(Unknown Source)
	at sun.reflect.DelegatingMethodAccessorImpl.invoke(DelegatingMethodAccessorImpl.java:43)
	at java.lang.reflect.Method.invoke(Method.java:498)
	at org.codehaus.groovy.runtime.callsite.PlainObjectMetaMethodSite.doInvoke(PlainObjectMetaMethodSite.java:43)
	at org.codehaus.groovy.runtime.callsite.PogoMetaMethodSite$PogoCachedMethodSiteNoUnwrapNoCoerce.invoke(PogoMetaMethodSite.java:193)
	at org.codehaus.groovy.runtime.callsite.PogoMetaMethodSite.callCurrent(PogoMetaMethodSite.java:61)
	at org.codehaus.groovy.runtime.callsite.AbstractCallSite.callCurrent(AbstractCallSite.java:185)
	at io.restassured.internal.ResponseSpecificationImpl.statusCode(ResponseSpecificationImpl.groovy:126)
	at io.restassured.specification.ResponseSpecification$statusCode$0.callCurrent(Unknown Source)
	at io.restassured.internal.ResponseSpecificationImpl.statusCode(ResponseSpecificationImpl.groovy:134)
	at io.restassured.internal.ValidatableResponseOptionsImpl.statusCode(ValidatableResponseOptionsImpl.java:89)
	at io.restassured.internal.ValidatableResponseImpl.super$2$statusCode(ValidatableResponseImpl.groovy)
	at sun.reflect.GeneratedMethodAccessor200.invoke(Unknown Source)
	at sun.reflect.DelegatingMethodAccessorImpl.invoke(DelegatingMethodAccessorImpl.java:43)
	at java.lang.reflect.Method.invoke(Method.java:498)
	at org.codehaus.groovy.reflection.CachedMethod.invoke(CachedMethod.java:107)
	at groovy.lang.MetaMethod.doMethodInvoke(MetaMethod.java:323)
	at groovy.lang.MetaClassImpl.invokeMethod(MetaClassImpl.java:1267)
	at org.codehaus.groovy.runtime.ScriptBytecodeAdapter.invokeMethodOnSuperN(ScriptBytecodeAdapter.java:144)
	at io.restassured.internal.ValidatableResponseImpl.statusCode(ValidatableResponseImpl.groovy:142)
	at io.restassured.internal.ValidatableResponseImpl.statusCode(ValidatableResponseImpl.groovy)
	at stepdef.MentorStepDef.responseCodeMentorShouldBe(MentorStepDef.java:185)
	at âœ½.response code mentor should be 200(classpath:features/Mentutor/mentor.feature:289)
&amp#27;[0m
  &amp#27;[36mAnd &amp#27;[0m&amp#27;[36mResponses body should be &amp#27;[0m&amp#27;[36m&amp#27;[1m"Delete Success"&amp#27;[0m                     &amp#27;[90m# stepdef.MentorStepDef.responsesBodyShouldBe(java.lang.String)&amp#27;[0m
  &amp#27;[36mAnd &amp#27;[0m&amp#27;[36mValidate JSON Schema &amp#27;[0m&amp#27;[36m&amp#27;[1m"MentorDeleteValidIdBodyJsonSchema.json"&amp#27;[0m &amp#27;[90m# stepdef.MentorStepDef.validateJSONSchema(java.lang.String)&amp#27;[0m
]]></system-out>
  </testcase>
  <testcase name="Delete task with doesn&apos;t exist id" classname="mentor" time="2.461">
    <system-out><![CDATA[
@MENTUTOR
Scenario: Delete task with doesn't exist id                                                    &amp#27;[90m# features/Mentutor/mentor.feature:293&amp#27;[0m
20:11:56.073 [pool-2-thread-1] INFO  i.c.core.plugin.SerenityReporter - Running feature from classpath:features/Mentutor/mentor.feature
20:11:56.074 [pool-2-thread-1] INFO   - 
  _____   ___   ___   _____     ___   _____     _     ___   _____   ___   ___  
 |_   _| | __| / __| |_   _|   / __| |_   _|   /_\   | _ \ |_   _| | __| |   \ 
   | |   | _|  \__ \   | |     \__ \   | |    / _ \  |   /   | |   | _|  | |) |
   |_|   |___| |___/   |_|     |___/   |_|   /_/ \_\ |_|_\   |_|   |___| |___/ 

Delete task with doesn't exist id(mentor;delete-task-with-doesn-t-exist-id)
--------------------------------------------------------------------------------
  &amp#27;[32mGiven &amp#27;[0m&amp#27;[32mDelete task with id &amp#27;[0m&amp#27;[32m&amp#27;[1m23&amp#27;[0m                                                                 &amp#27;[90m# stepdef.MentorStepDef.deleteTaskWithValidId(int)&amp#27;[0m
  &amp#27;[32mWhen &amp#27;[0m&amp#27;[32mSend request delete task&amp#27;[0m                                                                &amp#27;[90m# stepdef.MentorStepDef.sendRequestDeleteTask()&amp#27;[0m
  &amp#27;[32mThen &amp#27;[0m&amp#27;[32mresponse code mentor should be &amp#27;[0m&amp#27;[32m&amp#27;[1m400&amp#27;[0m                                                      &amp#27;[90m# stepdef.MentorStepDef.responseCodeMentorShouldBe(int)&amp#27;[0m
  &amp#27;[32mAnd &amp#27;[0m&amp#27;[32mResponses body message error should be &amp#27;[0m&amp#27;[32m&amp#27;[1m"Invalid Input From Client"&amp#27;[0m                       &amp#27;[90m# stepdef.MentorStepDef.responsesBodyMessageErrorShouldBe(java.lang.String)&amp#27;[0m
  &amp#27;[32mAnd &amp#27;[0m&amp#27;[32mValidate JSON Schema &amp#27;[0m&amp#27;[32m&amp#27;[1m"MentorPostSubmitScoreValidIdInvalidIdTaskScoreBodyJsonSchema.json"&amp#27;[0m &amp#27;[90m# stepdef.MentorStepDef.validateJSONSchema(java.lang.String)&amp#27;[0m
20:11:58.532 [pool-2-thread-1] INFO   - 
  _____   ___   ___   _____     ___     _     ___   ___   ___   ___  
 |_   _| | __| / __| |_   _|   | _ \   /_\   / __| / __| | __| |   \ 
   | |   | _|  \__ \   | |     |  _/  / _ \  \__ \ \__ \ | _|  | |) |
   |_|   |___| |___/   |_|     |_|   /_/ \_\ |___/ |___/ |___| |___/ 

Delete task with doesn't exist id
----------------------------------------------------------------------
]]></system-out>
  </testcase>
  <testcase name="Delete task with using special char on id" classname="mentor" time="2.798">
    <system-out><![CDATA[
@MENTUTOR
Scenario: Delete task with using special char on id                                            &amp#27;[90m# features/Mentutor/mentor.feature:300&amp#27;[0m
20:11:58.534 [pool-2-thread-1] INFO  i.c.core.plugin.SerenityReporter - Running feature from classpath:features/Mentutor/mentor.feature
20:11:58.535 [pool-2-thread-1] INFO   - 
  _____   ___   ___   _____     ___   _____     _     ___   _____   ___   ___  
 |_   _| | __| / __| |_   _|   / __| |_   _|   /_\   | _ \ |_   _| | __| |   \ 
   | |   | _|  \__ \   | |     \__ \   | |    / _ \  |   /   | |   | _|  | |) |
   |_|   |___| |___/   |_|     |___/   |_|   /_/ \_\ |_|_\   |_|   |___| |___/ 

Delete task with using special char on id(mentor;delete-task-with-using-special-char-on-id)
--------------------------------------------------------------------------------
  &amp#27;[32mGiven &amp#27;[0m&amp#27;[32mDelete task with id &amp#27;[0m&amp#27;[32m&amp#27;[1m"^%%$"&amp#27;[0m                                                             &amp#27;[90m# stepdef.MentorStepDef.deleteTaskWithId(java.lang.String)&amp#27;[0m
  &amp#27;[32mWhen &amp#27;[0m&amp#27;[32mSend request delete task&amp#27;[0m                                                                &amp#27;[90m# stepdef.MentorStepDef.sendRequestDeleteTask()&amp#27;[0m
  &amp#27;[32mThen &amp#27;[0m&amp#27;[32mresponse code mentor should be &amp#27;[0m&amp#27;[32m&amp#27;[1m400&amp#27;[0m                                                      &amp#27;[90m# stepdef.MentorStepDef.responseCodeMentorShouldBe(int)&amp#27;[0m
  &amp#27;[32mAnd &amp#27;[0m&amp#27;[32mResponses body message error should be &amp#27;[0m&amp#27;[32m&amp#27;[1m"Invalid Input From Client"&amp#27;[0m                       &amp#27;[90m# stepdef.MentorStepDef.responsesBodyMessageErrorShouldBe(java.lang.String)&amp#27;[0m
  &amp#27;[32mAnd &amp#27;[0m&amp#27;[32mValidate JSON Schema &amp#27;[0m&amp#27;[32m&amp#27;[1m"MentorPostSubmitScoreValidIdInvalidIdTaskScoreBodyJsonSchema.json"&amp#27;[0m &amp#27;[90m# stepdef.MentorStepDef.validateJSONSchema(java.lang.String)&amp#27;[0m
20:12:01.330 [pool-2-thread-1] INFO   - 
  _____   ___   ___   _____     ___     _     ___   ___   ___   ___  
 |_   _| | __| / __| |_   _|   | _ \   /_\   / __| / __| | __| |   \ 
   | |   | _|  \__ \   | |     |  _/  / _ \  \__ \ \__ \ | _|  | |) |
   |_|   |___| |___/   |_|     |_|   /_/ \_\ |___/ |___/ |___| |___/ 

Delete task with using special char on id
----------------------------------------------------------------------
]]></system-out>
  </testcase>
  <testcase name="Delete task with using alphabet on id #1" classname="mentor" time="2.732">
    <system-out><![CDATA[
@MENTUTOR
Scenario Outline: Delete task with using alphabet on id                                        &amp#27;[90m# features/Mentutor/mentor.feature:315&amp#27;[0m
20:12:01.332 [pool-2-thread-1] INFO  i.c.core.plugin.SerenityReporter - Running feature from classpath:features/Mentutor/mentor.feature
20:12:01.333 [pool-2-thread-1] INFO   - 
  _____   ___   ___   _____     ___   _____     _     ___   _____   ___   ___  
 |_   _| | __| / __| |_   _|   / __| |_   _|   /_\   | _ \ |_   _| | __| |   \ 
   | |   | _|  \__ \   | |     \__ \   | |    / _ \  |   /   | |   | _|  | |) |
   |_|   |___| |___/   |_|     |___/   |_|   /_/ \_\ |_|_\   |_|   |___| |___/ 

Delete task with using alphabet on id(mentor;delete-task-with-using-alphabet-on-id)
--------------------------------------------------------------------------------
  &amp#27;[32mGiven &amp#27;[0m&amp#27;[32mDelete task with id &amp#27;[0m&amp#27;[32m&amp#27;[1m"satu"&amp#27;[0m                                                             &amp#27;[90m# stepdef.MentorStepDef.deleteTaskWithId(java.lang.String)&amp#27;[0m
  &amp#27;[32mWhen &amp#27;[0m&amp#27;[32mSend request delete task&amp#27;[0m                                                                &amp#27;[90m# stepdef.MentorStepDef.sendRequestDeleteTask()&amp#27;[0m
  &amp#27;[32mThen &amp#27;[0m&amp#27;[32mresponse code mentor should be &amp#27;[0m&amp#27;[32m&amp#27;[1m400&amp#27;[0m                                                      &amp#27;[90m# stepdef.MentorStepDef.responseCodeMentorShouldBe(int)&amp#27;[0m
  &amp#27;[32mAnd &amp#27;[0m&amp#27;[32mResponses body message error should be &amp#27;[0m&amp#27;[32m&amp#27;[1m"Invalid Input From Client"&amp#27;[0m                       &amp#27;[90m# stepdef.MentorStepDef.responsesBodyMessageErrorShouldBe(java.lang.String)&amp#27;[0m
  &amp#27;[32mAnd &amp#27;[0m&amp#27;[32mValidate JSON Schema &amp#27;[0m&amp#27;[32m&amp#27;[1m"MentorPostSubmitScoreValidIdInvalidIdTaskScoreBodyJsonSchema.json"&amp#27;[0m &amp#27;[90m# stepdef.MentorStepDef.validateJSONSchema(java.lang.String)&amp#27;[0m
20:12:04.062 [pool-2-thread-1] INFO   - 
  _____   ___   ___   _____     ___     _     ___   ___   ___   ___  
 |_   _| | __| / __| |_   _|   | _ \   /_\   / __| / __| | __| |   \ 
   | |   | _|  \__ \   | |     |  _/  / _ \  \__ \ \__ \ | _|  | |) |
   |_|   |___| |___/   |_|     |_|   /_/ \_\ |___/ |___/ |___| |___/ 

Delete task with using alphabet on id
----------------------------------------------------------------------
]]></system-out>
  </testcase>
  <testcase name="Delete task with using alphabet on id #2" classname="mentor" time="3.734">
    <system-out><![CDATA[
@MENTUTOR
Scenario Outline: Delete task with using alphabet on id                                        &amp#27;[90m# features/Mentutor/mentor.feature:316&amp#27;[0m
20:12:04.065 [pool-2-thread-1] INFO  i.c.core.plugin.SerenityReporter - Running feature from classpath:features/Mentutor/mentor.feature
  &amp#27;[32mGiven &amp#27;[0m&amp#27;[32mDelete task with id &amp#27;[0m&amp#27;[32m&amp#27;[1m"dela@gmail.com"&amp#27;[0m                                                   &amp#27;[90m# stepdef.MentorStepDef.deleteTaskWithId(java.lang.String)&amp#27;[0m
  &amp#27;[32mWhen &amp#27;[0m&amp#27;[32mSend request delete task&amp#27;[0m                                                                &amp#27;[90m# stepdef.MentorStepDef.sendRequestDeleteTask()&amp#27;[0m
  &amp#27;[32mThen &amp#27;[0m&amp#27;[32mresponse code mentor should be &amp#27;[0m&amp#27;[32m&amp#27;[1m400&amp#27;[0m                                                      &amp#27;[90m# stepdef.MentorStepDef.responseCodeMentorShouldBe(int)&amp#27;[0m
  &amp#27;[32mAnd &amp#27;[0m&amp#27;[32mResponses body message error should be &amp#27;[0m&amp#27;[32m&amp#27;[1m"Invalid Input From Client"&amp#27;[0m                       &amp#27;[90m# stepdef.MentorStepDef.responsesBodyMessageErrorShouldBe(java.lang.String)&amp#27;[0m
  &amp#27;[32mAnd &amp#27;[0m&amp#27;[32mValidate JSON Schema &amp#27;[0m&amp#27;[32m&amp#27;[1m"MentorPostSubmitScoreValidIdInvalidIdTaskScoreBodyJsonSchema.json"&amp#27;[0m &amp#27;[90m# stepdef.MentorStepDef.validateJSONSchema(java.lang.String)&amp#27;[0m
20:12:07.795 [pool-2-thread-1] INFO   - 
  _____   ___   ___   _____     ___     _     ___   ___   ___   ___  
 |_   _| | __| / __| |_   _|   | _ \   /_\   / __| / __| | __| |   \ 
   | |   | _|  \__ \   | |     |  _/  / _ \  \__ \ \__ \ | _|  | |) |
   |_|   |___| |___/   |_|     |_|   /_/ \_\ |___/ |___/ |___| |___/ 

Delete task with using alphabet on id
----------------------------------------------------------------------
]]></system-out>
  </testcase>
</testsuite>